update-alternatives 2025-02-27 20:18:39: run with --quiet --install /usr/bin/pager pager /usr/bin/less 77 --slave /usr/share/man/man1/pager.1.gz pager.1.gz /usr/share/man/man1/less.1.gz
update-alternatives 2025-02-27 20:18:39: link group pager updated to point to /usr/bin/less
update-alternatives 2025-02-27 20:18:39: run with --install /usr/bin/editor editor /bin/nano 40 --slave /usr/share/man/man1/editor.1.gz editor.1.gz /usr/share/man/man1/nano.1.gz
update-alternatives 2025-02-27 20:18:39: link group editor updated to point to /bin/nano
update-alternatives 2025-02-27 20:18:39: run with --install /usr/bin/pico pico /bin/nano 10 --slave /usr/share/man/man1/pico.1.gz pico.1.gz /usr/share/man/man1/nano.1.gz
update-alternatives 2025-02-27 20:18:39: link group pico updated to point to /bin/nano
update-alternatives 2025-02-27 20:27:06: run with --install /usr/bin/pager pager /bin/more 50 --slave /usr/share/man/man1/pager.1.gz pager.1.gz /usr/share/man/man1/more.1.gz
update-alternatives 2025-02-27 21:03:57: run with --install /usr/bin/ftp ftp /usr/bin/tnftp 120 --slave /usr/share/man/man1/ftp.1.gz ftp.1.gz /usr/share/man/man1/tnftp.1.gz
update-alternatives 2025-02-27 21:03:57: link group ftp updated to point to /usr/bin/tnftp
update-alternatives 2025-02-27 21:08:49: run with --quiet --install /usr/bin/pager pager /usr/bin/less 77 --slave /usr/share/man/man1/pager.1.gz pager.1.gz /usr/share/man/man1/less.1.gz
update-alternatives 2025-02-27 21:08:49: link group pager updated to point to /usr/bin/less
update-alternatives 2025-02-27 21:08:49: run with --install /usr/bin/editor editor /bin/nano 40 --slave /usr/share/man/man1/editor.1.gz editor.1.gz /usr/share/man/man1/nano.1.gz
update-alternatives 2025-02-27 21:08:49: link group editor updated to point to /bin/nano
update-alternatives 2025-02-27 21:08:49: run with --install /usr/bin/pico pico /bin/nano 10 --slave /usr/share/man/man1/pico.1.gz pico.1.gz /usr/share/man/man1/nano.1.gz
update-alternatives 2025-02-27 21:08:49: link group pico updated to point to /bin/nano
update-alternatives 2025-02-27 21:46:13: run with --install /usr/bin/traceroute traceroute /usr/bin/traceroute.db 100 --slave /usr/sbin/traceroute traceroute.sbin /usr/bin/traceroute.db --slave /usr/share/man/man1/traceroute.1.gz traceroute.1.gz /usr/share/man/man1/traceroute.db.1.gz
update-alternatives 2025-02-27 21:46:13: link group traceroute updated to point to /usr/bin/traceroute.db
update-alternatives 2025-02-27 21:46:13: run with --install /usr/bin/traceroute6 traceroute6 /usr/bin/traceroute6.db 100 --slave /usr/share/man/man1/traceroute6.1.gz traceroute6.1.gz /usr/share/man/man1/traceroute6.db.1.gz
update-alternatives 2025-02-27 21:46:13: link group traceroute6 updated to point to /usr/bin/traceroute6.db
update-alternatives 2025-02-27 21:46:13: run with --install /usr/bin/lft lft /usr/bin/lft.db 100 --slave /usr/share/man/man1/lft.1.gz lft.1.gz /usr/share/man/man1/lft.db.1.gz
update-alternatives 2025-02-27 21:46:13: link group lft updated to point to /usr/bin/lft.db
update-alternatives 2025-02-27 21:46:13: run with --install /usr/bin/traceproto traceproto /usr/bin/traceproto.db 100 --slave /usr/share/man/man1/traceproto.1.gz traceproto.1.gz /usr/share/man/man1/traceproto.db.1.gz
update-alternatives 2025-02-27 21:46:13: link group traceproto updated to point to /usr/bin/traceproto.db
update-alternatives 2025-02-27 21:46:13: run with --install /usr/sbin/tcptraceroute tcptraceroute /usr/sbin/tcptraceroute.db 100 --slave /usr/share/man/man8/tcptraceroute.8.gz tcptraceroute.8.gz /usr/share/man/man8/tcptraceroute.db.8.gz
update-alternatives 2025-02-27 21:46:13: link group tcptraceroute updated to point to /usr/sbin/tcptraceroute.db
update-alternatives 2025-02-27 21:46:13: run with --install /usr/lib/x86_64-linux-gnu/libblas.so.3 libblas.so.3-x86_64-linux-gnu /usr/lib/x86_64-linux-gnu/blas/libblas.so.3 10
update-alternatives 2025-02-27 21:46:13: link group libblas.so.3-x86_64-linux-gnu updated to point to /usr/lib/x86_64-linux-gnu/blas/libblas.so.3
update-alternatives 2025-03-02 23:08:58: run with --install /usr/bin/pager pager /bin/more 50 --slave /usr/share/man/man1/pager.1.gz pager.1.gz /usr/share/man/man1/more.1.gz
update-alternatives 2025-03-25 11:38:21: run with --quiet --install /usr/bin/pager pager /usr/bin/less 77 --slave /usr/share/man/man1/pager.1.gz pager.1.gz /usr/share/man/man1/less.1.gz
update-alternatives 2025-03-25 11:38:21: link group pager updated to point to /usr/bin/less
update-alternatives 2025-03-25 11:38:21: run with --install /usr/bin/editor editor /bin/nano 40 --slave /usr/share/man/man1/editor.1.gz editor.1.gz /usr/share/man/man1/nano.1.gz
update-alternatives 2025-03-25 11:38:21: link group editor updated to point to /bin/nano
update-alternatives 2025-03-25 11:38:21: run with --install /usr/bin/pico pico /bin/nano 10 --slave /usr/share/man/man1/pico.1.gz pico.1.gz /usr/share/man/man1/nano.1.gz
update-alternatives 2025-03-25 11:38:21: link group pico updated to point to /bin/nano
update-alternatives 2025-03-25 11:38:39: run with --install /usr/bin/ftp ftp /usr/bin/tnftp 120 --slave /usr/share/man/man1/ftp.1.gz ftp.1.gz /usr/share/man/man1/tnftp.1.gz
update-alternatives 2025-03-25 11:38:39: link group ftp updated to point to /usr/bin/tnftp
update-alternatives 2025-03-25 11:41:33: run with --install /usr/bin/pager pager /bin/more 50 --slave /usr/share/man/man1/pager.1.gz pager.1.gz /usr/share/man/man1/more.1.gz
