2025/02/26 20:40:08 [notice] 1#1: using the "epoll" event method
2025/02/26 20:40:08 [notice] 1#1: nginx/1.27.3
2025/02/26 20:40:08 [notice] 1#1: built by gcc 12.2.0 (Debian 12.2.0-14) 
2025/02/26 20:40:08 [notice] 1#1: OS: Linux 6.11.0-17-generic
2025/02/26 20:40:08 [notice] 1#1: getrlimit(RLIMIT_NOFILE): 1048576:1048576
2025/02/26 20:40:08 [notice] 1#1: start worker processes
2025/02/26 20:40:08 [notice] 1#1: start worker process 28
2025/02/26 20:40:08 [notice] 1#1: start worker process 29
2025/02/26 20:40:08 [notice] 1#1: start worker process 30
2025/02/26 20:40:08 [notice] 1#1: start worker process 31
2025/02/26 20:45:04 [notice] 1#1: signal 3 (SIGQUIT) received, shutting down
2025/02/26 20:45:04 [notice] 28#28: gracefully shutting down
2025/02/26 20:45:04 [notice] 28#28: exiting
2025/02/26 20:45:04 [notice] 28#28: exit
2025/02/26 20:45:04 [notice] 29#29: gracefully shutting down
2025/02/26 20:45:04 [notice] 29#29: exiting
2025/02/26 20:45:04 [notice] 29#29: exit
2025/02/26 20:45:04 [notice] 30#30: gracefully shutting down
2025/02/26 20:45:04 [notice] 30#30: exiting
2025/02/26 20:45:04 [notice] 30#30: exit
2025/02/26 20:45:04 [notice] 31#31: gracefully shutting down
2025/02/26 20:45:04 [notice] 31#31: exiting
2025/02/26 20:45:04 [notice] 31#31: exit
2025/02/26 20:45:04 [notice] 1#1: signal 17 (SIGCHLD) received from 29
2025/02/26 20:45:04 [notice] 1#1: worker process 29 exited with code 0
2025/02/26 20:45:04 [notice] 1#1: signal 29 (SIGIO) received
2025/02/26 20:45:04 [notice] 1#1: signal 17 (SIGCHLD) received from 28
2025/02/26 20:45:04 [notice] 1#1: worker process 28 exited with code 0
2025/02/26 20:45:04 [notice] 1#1: worker process 31 exited with code 0
2025/02/26 20:45:04 [notice] 1#1: signal 29 (SIGIO) received
2025/02/26 20:45:04 [notice] 1#1: signal 17 (SIGCHLD) received from 30
2025/02/26 20:45:04 [notice] 1#1: worker process 30 exited with code 0
2025/02/26 20:45:04 [notice] 1#1: exit
2025/02/26 20:46:12 [notice] 1#1: using the "epoll" event method
2025/02/26 20:46:12 [notice] 1#1: nginx/1.27.3
2025/02/26 20:46:12 [notice] 1#1: built by gcc 12.2.0 (Debian 12.2.0-14) 
2025/02/26 20:46:12 [notice] 1#1: OS: Linux 6.11.0-17-generic
2025/02/26 20:46:12 [notice] 1#1: getrlimit(RLIMIT_NOFILE): 1048576:1048576
2025/02/26 20:46:12 [notice] 1#1: start worker processes
2025/02/26 20:46:12 [notice] 1#1: start worker process 27
2025/02/26 20:46:12 [notice] 1#1: start worker process 28
2025/02/26 20:46:12 [notice] 1#1: start worker process 29
2025/02/26 20:46:12 [notice] 1#1: start worker process 30
2025/02/26 20:55:15 [notice] 1#1: using the "epoll" event method
2025/02/26 20:55:15 [notice] 1#1: nginx/1.27.3
2025/02/26 20:55:15 [notice] 1#1: built by gcc 12.2.0 (Debian 12.2.0-14) 
2025/02/26 20:55:15 [notice] 1#1: OS: Linux 6.11.0-17-generic
2025/02/26 20:55:15 [notice] 1#1: getrlimit(RLIMIT_NOFILE): 1048576:1048576
2025/02/26 20:55:15 [notice] 1#1: start worker processes
2025/02/26 20:55:15 [notice] 1#1: start worker process 28
2025/02/26 20:55:15 [notice] 1#1: start worker process 29
2025/02/26 20:55:15 [notice] 1#1: start worker process 30
2025/02/26 20:55:15 [notice] 1#1: start worker process 31
2025/02/26 22:59:36 [notice] 1#1: using the "epoll" event method
2025/02/26 22:59:36 [notice] 1#1: nginx/1.27.3
2025/02/26 22:59:36 [notice] 1#1: built by gcc 12.2.0 (Debian 12.2.0-14) 
2025/02/26 22:59:36 [notice] 1#1: OS: Linux 6.11.0-17-generic
2025/02/26 22:59:36 [notice] 1#1: getrlimit(RLIMIT_NOFILE): 1048576:1048576
2025/02/26 22:59:36 [notice] 1#1: start worker processes
2025/02/26 22:59:36 [notice] 1#1: start worker process 28
2025/02/26 22:59:36 [notice] 1#1: start worker process 29
2025/02/26 22:59:36 [notice] 1#1: start worker process 30
2025/02/26 22:59:36 [notice] 1#1: start worker process 31
2025/02/27 13:56:54 [notice] 1#1: using the "epoll" event method
2025/02/27 13:56:54 [notice] 1#1: nginx/1.27.3
2025/02/27 13:56:54 [notice] 1#1: built by gcc 12.2.0 (Debian 12.2.0-14) 
2025/02/27 13:56:54 [notice] 1#1: OS: Linux 6.11.0-17-generic
2025/02/27 13:56:54 [notice] 1#1: getrlimit(RLIMIT_NOFILE): 1048576:1048576
2025/02/27 13:56:54 [notice] 1#1: start worker processes
2025/02/27 13:56:54 [notice] 1#1: start worker process 28
2025/02/27 13:56:54 [notice] 1#1: start worker process 29
2025/02/27 13:56:54 [notice] 1#1: start worker process 30
2025/02/27 13:56:54 [notice] 1#1: start worker process 31
2025/02/27 15:21:46 [notice] 1#1: using the "epoll" event method
2025/02/27 15:21:46 [notice] 1#1: nginx/1.27.3
2025/02/27 15:21:46 [notice] 1#1: built by gcc 12.2.0 (Debian 12.2.0-14) 
2025/02/27 15:21:46 [notice] 1#1: OS: Linux 6.11.0-17-generic
2025/02/27 15:21:46 [notice] 1#1: getrlimit(RLIMIT_NOFILE): 1048576:1048576
2025/02/27 15:21:46 [notice] 1#1: start worker processes
2025/02/27 15:21:46 [notice] 1#1: start worker process 28
2025/02/27 15:21:46 [notice] 1#1: start worker process 29
2025/02/27 15:21:46 [notice] 1#1: start worker process 30
2025/02/27 15:21:46 [notice] 1#1: start worker process 31
2025/02/27 16:02:34 [notice] 1#1: using the "epoll" event method
2025/02/27 16:02:34 [notice] 1#1: nginx/1.27.3
2025/02/27 16:02:34 [notice] 1#1: built by gcc 12.2.0 (Debian 12.2.0-14) 
2025/02/27 16:02:34 [notice] 1#1: OS: Linux 6.11.0-17-generic
2025/02/27 16:02:34 [notice] 1#1: getrlimit(RLIMIT_NOFILE): 1048576:1048576
2025/02/27 16:02:34 [notice] 1#1: start worker processes
2025/02/27 16:02:34 [notice] 1#1: start worker process 28
2025/02/27 16:02:34 [notice] 1#1: start worker process 29
2025/02/27 16:02:34 [notice] 1#1: start worker process 30
2025/02/27 16:02:34 [notice] 1#1: start worker process 31
2025/02/27 16:54:37 [notice] 1#1: using the "epoll" event method
2025/02/27 16:54:37 [notice] 1#1: nginx/1.27.3
2025/02/27 16:54:37 [notice] 1#1: built by gcc 12.2.0 (Debian 12.2.0-14) 
2025/02/27 16:54:37 [notice] 1#1: OS: Linux 6.11.0-17-generic
2025/02/27 16:54:37 [notice] 1#1: getrlimit(RLIMIT_NOFILE): 1048576:1048576
2025/02/27 16:54:37 [notice] 1#1: start worker processes
2025/02/27 16:54:37 [notice] 1#1: start worker process 28
2025/02/27 16:54:37 [notice] 1#1: start worker process 29
2025/02/27 16:54:37 [notice] 1#1: start worker process 30
2025/02/27 16:54:37 [notice] 1#1: start worker process 31
2025/02/27 17:36:30 [notice] 1#1: signal 3 (SIGQUIT) received, shutting down
2025/02/27 17:36:30 [notice] 28#28: gracefully shutting down
2025/02/27 17:36:30 [notice] 28#28: exiting
2025/02/27 17:36:30 [notice] 28#28: exit
2025/02/27 17:36:30 [notice] 30#30: gracefully shutting down
2025/02/27 17:36:30 [notice] 30#30: exiting
2025/02/27 17:36:30 [notice] 30#30: exit
2025/02/27 17:36:30 [notice] 29#29: gracefully shutting down
2025/02/27 17:36:30 [notice] 29#29: exiting
2025/02/27 17:36:30 [notice] 29#29: exit
2025/02/27 17:36:30 [notice] 31#31: gracefully shutting down
2025/02/27 17:36:30 [notice] 31#31: exiting
2025/02/27 17:36:30 [notice] 31#31: exit
2025/02/27 17:36:30 [notice] 1#1: signal 17 (SIGCHLD) received from 28
2025/02/27 17:36:30 [notice] 1#1: worker process 28 exited with code 0
2025/02/27 17:36:30 [notice] 1#1: worker process 30 exited with code 0
2025/02/27 17:36:30 [notice] 1#1: worker process 31 exited with code 0
2025/02/27 17:36:30 [notice] 1#1: signal 29 (SIGIO) received
2025/02/27 17:36:30 [notice] 1#1: signal 17 (SIGCHLD) received from 29
2025/02/27 17:36:30 [notice] 1#1: worker process 29 exited with code 0
2025/02/27 17:36:30 [notice] 1#1: exit
2025/02/27 18:37:46 [notice] 1#1: using the "epoll" event method
2025/02/27 18:37:46 [notice] 1#1: nginx/1.27.3
2025/02/27 18:37:46 [notice] 1#1: built by gcc 12.2.0 (Debian 12.2.0-14) 
2025/02/27 18:37:46 [notice] 1#1: OS: Linux 6.11.0-17-generic
2025/02/27 18:37:46 [notice] 1#1: getrlimit(RLIMIT_NOFILE): 1048576:1048576
2025/02/27 18:37:46 [notice] 1#1: start worker processes
2025/02/27 18:37:46 [notice] 1#1: start worker process 27
2025/02/27 18:37:46 [notice] 1#1: start worker process 28
2025/02/27 18:37:46 [notice] 1#1: start worker process 29
2025/02/27 18:37:46 [notice] 1#1: start worker process 30
2025/02/27 19:42:34 [notice] 1#1: using the "epoll" event method
2025/02/27 19:42:34 [notice] 1#1: nginx/1.27.3
2025/02/27 19:42:34 [notice] 1#1: built by gcc 12.2.0 (Debian 12.2.0-14) 
2025/02/27 19:42:34 [notice] 1#1: OS: Linux 6.11.0-17-generic
2025/02/27 19:42:34 [notice] 1#1: getrlimit(RLIMIT_NOFILE): 1048576:1048576
2025/02/27 19:42:34 [notice] 1#1: start worker processes
2025/02/27 19:42:34 [notice] 1#1: start worker process 28
2025/02/27 19:42:34 [notice] 1#1: start worker process 29
2025/02/27 19:42:34 [notice] 1#1: start worker process 30
2025/02/27 19:42:34 [notice] 1#1: start worker process 31
2025/02/27 19:50:27 [notice] 1#1: signal 3 (SIGQUIT) received, shutting down
2025/02/27 19:50:27 [notice] 28#28: gracefully shutting down
2025/02/27 19:50:27 [notice] 28#28: exiting
2025/02/27 19:50:27 [notice] 28#28: exit
2025/02/27 19:50:27 [notice] 31#31: gracefully shutting down
2025/02/27 19:50:27 [notice] 31#31: exiting
2025/02/27 19:50:27 [notice] 31#31: exit
2025/02/27 19:50:27 [notice] 29#29: gracefully shutting down
2025/02/27 19:50:27 [notice] 29#29: exiting
2025/02/27 19:50:27 [notice] 29#29: exit
2025/02/27 19:50:27 [notice] 30#30: gracefully shutting down
2025/02/27 19:50:27 [notice] 30#30: exiting
2025/02/27 19:50:27 [notice] 30#30: exit
2025/02/27 19:50:27 [notice] 1#1: signal 17 (SIGCHLD) received from 28
2025/02/27 19:50:27 [notice] 1#1: worker process 28 exited with code 0
2025/02/27 19:50:27 [notice] 1#1: worker process 29 exited with code 0
2025/02/27 19:50:27 [notice] 1#1: signal 29 (SIGIO) received
2025/02/27 19:50:27 [notice] 1#1: signal 17 (SIGCHLD) received from 30
2025/02/27 19:50:27 [notice] 1#1: worker process 30 exited with code 0
2025/02/27 19:50:27 [notice] 1#1: signal 29 (SIGIO) received
2025/02/27 19:50:27 [notice] 1#1: signal 17 (SIGCHLD) received from 31
2025/02/27 19:50:27 [notice] 1#1: worker process 31 exited with code 0
2025/02/27 19:50:27 [notice] 1#1: exit
2025/02/27 19:50:57 [notice] 1#1: using the "epoll" event method
2025/02/27 19:50:57 [notice] 1#1: nginx/1.27.3
2025/02/27 19:50:57 [notice] 1#1: built by gcc 12.2.0 (Debian 12.2.0-14) 
2025/02/27 19:50:57 [notice] 1#1: OS: Linux 6.11.0-17-generic
2025/02/27 19:50:57 [notice] 1#1: getrlimit(RLIMIT_NOFILE): 1048576:1048576
2025/02/27 19:50:57 [notice] 1#1: start worker processes
2025/02/27 19:50:57 [notice] 1#1: start worker process 28
2025/02/27 19:50:57 [notice] 1#1: start worker process 29
2025/02/27 19:50:57 [notice] 1#1: start worker process 30
2025/02/27 19:50:57 [notice] 1#1: start worker process 31
2025/02/27 21:55:52 [notice] 1#1: signal 3 (SIGQUIT) received, shutting down
2025/02/27 21:55:52 [notice] 28#28: gracefully shutting down
2025/02/27 21:55:52 [notice] 28#28: exiting
2025/02/27 21:55:52 [notice] 28#28: exit
2025/02/27 21:55:52 [notice] 31#31: gracefully shutting down
2025/02/27 21:55:52 [notice] 31#31: exiting
2025/02/27 21:55:52 [notice] 31#31: exit
2025/02/27 21:55:52 [notice] 30#30: gracefully shutting down
2025/02/27 21:55:52 [notice] 30#30: exiting
2025/02/27 21:55:52 [notice] 30#30: exit
2025/02/27 21:55:52 [notice] 29#29: gracefully shutting down
2025/02/27 21:55:52 [notice] 29#29: exiting
2025/02/27 21:55:52 [notice] 29#29: exit
2025/02/27 21:55:52 [notice] 1#1: signal 17 (SIGCHLD) received from 29
2025/02/27 21:55:52 [notice] 1#1: worker process 29 exited with code 0
2025/02/27 21:55:52 [notice] 1#1: signal 29 (SIGIO) received
2025/02/27 21:55:52 [notice] 1#1: signal 17 (SIGCHLD) received from 28
2025/02/27 21:55:52 [notice] 1#1: worker process 28 exited with code 0
2025/02/27 21:55:52 [notice] 1#1: signal 29 (SIGIO) received
2025/02/27 21:55:52 [notice] 1#1: signal 17 (SIGCHLD) received from 31
2025/02/27 21:55:52 [notice] 1#1: worker process 30 exited with code 0
2025/02/27 21:55:52 [notice] 1#1: worker process 31 exited with code 0
2025/02/27 21:55:52 [notice] 1#1: exit
2025/02/27 22:00:48 [notice] 1#1: using the "epoll" event method
2025/02/27 22:00:48 [notice] 1#1: nginx/1.27.3
2025/02/27 22:00:48 [notice] 1#1: built by gcc 12.2.0 (Debian 12.2.0-14) 
2025/02/27 22:00:48 [notice] 1#1: OS: Linux 6.11.0-17-generic
2025/02/27 22:00:48 [notice] 1#1: getrlimit(RLIMIT_NOFILE): 1048576:1048576
2025/02/27 22:00:48 [notice] 1#1: start worker processes
2025/02/27 22:00:48 [notice] 1#1: start worker process 28
2025/02/27 22:00:48 [notice] 1#1: start worker process 29
2025/02/27 22:00:48 [notice] 1#1: start worker process 30
2025/02/27 22:00:48 [notice] 1#1: start worker process 31
2025/02/28 22:09:39 [notice] 1#1: using the "epoll" event method
2025/02/28 22:09:39 [notice] 1#1: nginx/1.27.3
2025/02/28 22:09:39 [notice] 1#1: built by gcc 12.2.0 (Debian 12.2.0-14) 
2025/02/28 22:09:39 [notice] 1#1: OS: Linux 6.11.0-17-generic
2025/02/28 22:09:39 [notice] 1#1: getrlimit(RLIMIT_NOFILE): 1048576:1048576
2025/02/28 22:09:39 [notice] 1#1: start worker processes
2025/02/28 22:09:39 [notice] 1#1: start worker process 28
2025/02/28 22:09:39 [notice] 1#1: start worker process 29
2025/02/28 22:09:39 [notice] 1#1: start worker process 30
2025/02/28 22:09:39 [notice] 1#1: start worker process 31
2025/02/28 23:00:25 [notice] 1#1: signal 3 (SIGQUIT) received, shutting down
2025/02/28 23:00:25 [notice] 30#30: gracefully shutting down
2025/02/28 23:00:25 [notice] 30#30: exiting
2025/02/28 23:00:25 [notice] 30#30: exit
2025/02/28 23:00:25 [notice] 28#28: gracefully shutting down
2025/02/28 23:00:25 [notice] 28#28: exiting
2025/02/28 23:00:25 [notice] 28#28: exit
2025/02/28 23:00:25 [notice] 29#29: gracefully shutting down
2025/02/28 23:00:25 [notice] 29#29: exiting
2025/02/28 23:00:25 [notice] 29#29: exit
2025/02/28 23:00:25 [notice] 31#31: gracefully shutting down
2025/02/28 23:00:25 [notice] 31#31: exiting
2025/02/28 23:00:25 [notice] 31#31: exit
2025/02/28 23:00:25 [notice] 1#1: signal 17 (SIGCHLD) received from 29
2025/02/28 23:00:25 [notice] 1#1: worker process 29 exited with code 0
2025/02/28 23:00:25 [notice] 1#1: signal 29 (SIGIO) received
2025/02/28 23:00:25 [notice] 1#1: signal 17 (SIGCHLD) received from 31
2025/02/28 23:00:25 [notice] 1#1: worker process 31 exited with code 0
2025/02/28 23:00:25 [notice] 1#1: signal 29 (SIGIO) received
2025/02/28 23:00:25 [notice] 1#1: signal 17 (SIGCHLD) received from 28
2025/02/28 23:00:25 [notice] 1#1: worker process 28 exited with code 0
2025/02/28 23:00:25 [notice] 1#1: worker process 30 exited with code 0
2025/02/28 23:00:25 [notice] 1#1: exit
2025/02/28 23:00:25 [notice] 1#1: using the "epoll" event method
2025/02/28 23:00:25 [notice] 1#1: nginx/1.27.3
2025/02/28 23:00:25 [notice] 1#1: built by gcc 12.2.0 (Debian 12.2.0-14) 
2025/02/28 23:00:25 [notice] 1#1: OS: Linux 6.11.0-17-generic
2025/02/28 23:00:25 [notice] 1#1: getrlimit(RLIMIT_NOFILE): 1048576:1048576
2025/02/28 23:00:25 [notice] 1#1: start worker processes
2025/02/28 23:00:25 [notice] 1#1: start worker process 28
2025/02/28 23:00:25 [notice] 1#1: start worker process 29
2025/02/28 23:00:25 [notice] 1#1: start worker process 30
2025/02/28 23:00:25 [notice] 1#1: start worker process 31
2025/03/02 22:06:35 [notice] 1#1: using the "epoll" event method
2025/03/02 22:06:35 [notice] 1#1: nginx/1.27.3
2025/03/02 22:06:35 [notice] 1#1: built by gcc 12.2.0 (Debian 12.2.0-14) 
2025/03/02 22:06:35 [notice] 1#1: OS: Linux 6.11.0-17-generic
2025/03/02 22:06:35 [notice] 1#1: getrlimit(RLIMIT_NOFILE): 1048576:1048576
2025/03/02 22:06:35 [notice] 1#1: start worker processes
2025/03/02 22:06:35 [notice] 1#1: start worker process 28
2025/03/02 22:06:35 [notice] 1#1: start worker process 29
2025/03/02 22:06:35 [notice] 1#1: start worker process 30
2025/03/02 22:06:35 [notice] 1#1: start worker process 31
2025/03/03 11:37:41 [notice] 1#1: using the "epoll" event method
2025/03/03 11:37:41 [notice] 1#1: nginx/1.27.3
2025/03/03 11:37:41 [notice] 1#1: built by gcc 12.2.0 (Debian 12.2.0-14) 
2025/03/03 11:37:41 [notice] 1#1: OS: Linux 6.11.0-17-generic
2025/03/03 11:37:41 [notice] 1#1: getrlimit(RLIMIT_NOFILE): 1048576:1048576
2025/03/03 11:37:41 [notice] 1#1: start worker processes
2025/03/03 11:37:41 [notice] 1#1: start worker process 28
2025/03/03 11:37:41 [notice] 1#1: start worker process 29
2025/03/03 11:37:41 [notice] 1#1: start worker process 30
2025/03/03 11:37:41 [notice] 1#1: start worker process 31
2025/03/03 14:17:01 [notice] 1#1: using the "epoll" event method
2025/03/03 14:17:01 [notice] 1#1: nginx/1.27.3
2025/03/03 14:17:01 [notice] 1#1: built by gcc 12.2.0 (Debian 12.2.0-14) 
2025/03/03 14:17:01 [notice] 1#1: OS: Linux 6.11.0-17-generic
2025/03/03 14:17:01 [notice] 1#1: getrlimit(RLIMIT_NOFILE): 1048576:1048576
2025/03/03 14:17:01 [notice] 1#1: start worker processes
2025/03/03 14:17:01 [notice] 1#1: start worker process 28
2025/03/03 14:17:01 [notice] 1#1: start worker process 29
2025/03/03 14:17:01 [notice] 1#1: start worker process 30
2025/03/03 14:17:01 [notice] 1#1: start worker process 31
2025/03/03 22:42:39 [notice] 1#1: using the "epoll" event method
2025/03/03 22:42:39 [notice] 1#1: nginx/1.27.3
2025/03/03 22:42:39 [notice] 1#1: built by gcc 12.2.0 (Debian 12.2.0-14) 
2025/03/03 22:42:39 [notice] 1#1: OS: Linux 6.11.0-17-generic
2025/03/03 22:42:39 [notice] 1#1: getrlimit(RLIMIT_NOFILE): 1048576:1048576
2025/03/03 22:42:39 [notice] 1#1: start worker processes
2025/03/03 22:42:39 [notice] 1#1: start worker process 27
2025/03/03 22:42:39 [notice] 1#1: start worker process 28
2025/03/03 22:42:39 [notice] 1#1: start worker process 29
2025/03/03 22:42:39 [notice] 1#1: start worker process 30
2025/03/04 17:03:25 [notice] 1#1: using the "epoll" event method
2025/03/04 17:03:25 [notice] 1#1: nginx/1.27.3
2025/03/04 17:03:25 [notice] 1#1: built by gcc 12.2.0 (Debian 12.2.0-14) 
2025/03/04 17:03:25 [notice] 1#1: OS: Linux 6.11.0-17-generic
2025/03/04 17:03:25 [notice] 1#1: getrlimit(RLIMIT_NOFILE): 1048576:1048576
2025/03/04 17:03:25 [notice] 1#1: start worker processes
2025/03/04 17:03:25 [notice] 1#1: start worker process 27
2025/03/04 17:03:25 [notice] 1#1: start worker process 28
2025/03/04 17:03:25 [notice] 1#1: start worker process 29
2025/03/04 17:03:25 [notice] 1#1: start worker process 30
2025/03/04 18:18:52 [notice] 1#1: using the "epoll" event method
2025/03/04 18:18:52 [notice] 1#1: nginx/1.27.3
2025/03/04 18:18:52 [notice] 1#1: built by gcc 12.2.0 (Debian 12.2.0-14) 
2025/03/04 18:18:52 [notice] 1#1: OS: Linux 6.11.0-17-generic
2025/03/04 18:18:52 [notice] 1#1: getrlimit(RLIMIT_NOFILE): 1048576:1048576
2025/03/04 18:18:52 [notice] 1#1: start worker processes
2025/03/04 18:18:52 [notice] 1#1: start worker process 28
2025/03/04 18:18:52 [notice] 1#1: start worker process 29
2025/03/04 18:18:52 [notice] 1#1: start worker process 30
2025/03/04 18:18:52 [notice] 1#1: start worker process 31
2025/03/05 12:45:23 [notice] 1#1: using the "epoll" event method
2025/03/05 12:45:23 [notice] 1#1: nginx/1.27.3
2025/03/05 12:45:23 [notice] 1#1: built by gcc 12.2.0 (Debian 12.2.0-14) 
2025/03/05 12:45:23 [notice] 1#1: OS: Linux 6.11.0-17-generic
2025/03/05 12:45:23 [notice] 1#1: getrlimit(RLIMIT_NOFILE): 1048576:1048576
2025/03/05 12:45:23 [notice] 1#1: start worker processes
2025/03/05 12:45:23 [notice] 1#1: start worker process 28
2025/03/05 12:45:23 [notice] 1#1: start worker process 29
2025/03/05 12:45:23 [notice] 1#1: start worker process 30
2025/03/05 12:45:23 [notice] 1#1: start worker process 31
2025/03/05 14:20:27 [notice] 1#1: using the "epoll" event method
2025/03/05 14:20:27 [notice] 1#1: nginx/1.27.3
2025/03/05 14:20:27 [notice] 1#1: built by gcc 12.2.0 (Debian 12.2.0-14) 
2025/03/05 14:20:27 [notice] 1#1: OS: Linux 6.11.0-17-generic
2025/03/05 14:20:27 [notice] 1#1: getrlimit(RLIMIT_NOFILE): 1048576:1048576
2025/03/05 14:20:27 [notice] 1#1: start worker processes
2025/03/05 14:20:27 [notice] 1#1: start worker process 28
2025/03/05 14:20:27 [notice] 1#1: start worker process 29
2025/03/05 14:20:27 [notice] 1#1: start worker process 30
2025/03/05 14:20:27 [notice] 1#1: start worker process 31
2025/03/05 21:09:44 [notice] 1#1: using the "epoll" event method
2025/03/05 21:09:44 [notice] 1#1: nginx/1.27.3
2025/03/05 21:09:44 [notice] 1#1: built by gcc 12.2.0 (Debian 12.2.0-14) 
2025/03/05 21:09:44 [notice] 1#1: OS: Linux 6.11.0-17-generic
2025/03/05 21:09:44 [notice] 1#1: getrlimit(RLIMIT_NOFILE): 1048576:1048576
2025/03/05 21:09:44 [notice] 1#1: start worker processes
2025/03/05 21:09:44 [notice] 1#1: start worker process 28
2025/03/05 21:09:44 [notice] 1#1: start worker process 29
2025/03/05 21:09:44 [notice] 1#1: start worker process 30
2025/03/05 21:09:44 [notice] 1#1: start worker process 31
2025/03/06 09:41:16 [notice] 1#1: using the "epoll" event method
2025/03/06 09:41:16 [notice] 1#1: nginx/1.27.3
2025/03/06 09:41:16 [notice] 1#1: built by gcc 12.2.0 (Debian 12.2.0-14) 
2025/03/06 09:41:16 [notice] 1#1: OS: Linux 6.11.0-17-generic
2025/03/06 09:41:16 [notice] 1#1: getrlimit(RLIMIT_NOFILE): 1048576:1048576
2025/03/06 09:41:16 [notice] 1#1: start worker processes
2025/03/06 09:41:16 [notice] 1#1: start worker process 27
2025/03/06 09:41:16 [notice] 1#1: start worker process 28
2025/03/06 09:41:16 [notice] 1#1: start worker process 29
2025/03/06 09:41:16 [notice] 1#1: start worker process 30
2025/03/06 22:47:08 [notice] 1#1: using the "epoll" event method
2025/03/06 22:47:08 [notice] 1#1: nginx/1.27.3
2025/03/06 22:47:08 [notice] 1#1: built by gcc 12.2.0 (Debian 12.2.0-14) 
2025/03/06 22:47:08 [notice] 1#1: OS: Linux 6.11.0-17-generic
2025/03/06 22:47:08 [notice] 1#1: getrlimit(RLIMIT_NOFILE): 1048576:1048576
2025/03/06 22:47:08 [notice] 1#1: start worker processes
2025/03/06 22:47:08 [notice] 1#1: start worker process 27
2025/03/06 22:47:08 [notice] 1#1: start worker process 28
2025/03/06 22:47:08 [notice] 1#1: start worker process 29
2025/03/06 22:47:08 [notice] 1#1: start worker process 30
2025/03/07 14:55:08 [notice] 1#1: using the "epoll" event method
2025/03/07 14:55:08 [notice] 1#1: nginx/1.27.3
2025/03/07 14:55:08 [notice] 1#1: built by gcc 12.2.0 (Debian 12.2.0-14) 
2025/03/07 14:55:08 [notice] 1#1: OS: Linux 6.11.0-17-generic
2025/03/07 14:55:08 [notice] 1#1: getrlimit(RLIMIT_NOFILE): 1048576:1048576
2025/03/07 14:55:08 [notice] 1#1: start worker processes
2025/03/07 14:55:08 [notice] 1#1: start worker process 28
2025/03/07 14:55:08 [notice] 1#1: start worker process 29
2025/03/07 14:55:08 [notice] 1#1: start worker process 30
2025/03/07 14:55:08 [notice] 1#1: start worker process 31
2025/03/07 20:10:54 [notice] 1#1: using the "epoll" event method
2025/03/07 20:10:54 [notice] 1#1: nginx/1.27.3
2025/03/07 20:10:54 [notice] 1#1: built by gcc 12.2.0 (Debian 12.2.0-14) 
2025/03/07 20:10:54 [notice] 1#1: OS: Linux 6.11.0-17-generic
2025/03/07 20:10:54 [notice] 1#1: getrlimit(RLIMIT_NOFILE): 1048576:1048576
2025/03/07 20:10:54 [notice] 1#1: start worker processes
2025/03/07 20:10:54 [notice] 1#1: start worker process 28
2025/03/07 20:10:54 [notice] 1#1: start worker process 29
2025/03/07 20:10:54 [notice] 1#1: start worker process 30
2025/03/07 20:10:54 [notice] 1#1: start worker process 31
2025/03/08 19:34:56 [notice] 1#1: using the "epoll" event method
2025/03/08 19:34:56 [notice] 1#1: nginx/1.27.3
2025/03/08 19:34:56 [notice] 1#1: built by gcc 12.2.0 (Debian 12.2.0-14) 
2025/03/08 19:34:56 [notice] 1#1: OS: Linux 6.11.0-17-generic
2025/03/08 19:34:56 [notice] 1#1: getrlimit(RLIMIT_NOFILE): 1048576:1048576
2025/03/08 19:34:56 [notice] 1#1: start worker processes
2025/03/08 19:34:56 [notice] 1#1: start worker process 28
2025/03/08 19:34:56 [notice] 1#1: start worker process 29
2025/03/08 19:34:56 [notice] 1#1: start worker process 30
2025/03/08 19:34:56 [notice] 1#1: start worker process 31
2025/03/08 19:39:51 [notice] 1#1: signal 3 (SIGQUIT) received, shutting down
2025/03/08 19:39:51 [notice] 29#29: gracefully shutting down
2025/03/08 19:39:51 [notice] 28#28: gracefully shutting down
2025/03/08 19:39:51 [notice] 29#29: exiting
2025/03/08 19:39:51 [notice] 28#28: exiting
2025/03/08 19:39:51 [notice] 28#28: exit
2025/03/08 19:39:51 [notice] 29#29: exit
2025/03/08 19:39:51 [notice] 31#31: gracefully shutting down
2025/03/08 19:39:51 [notice] 30#30: gracefully shutting down
2025/03/08 19:39:51 [notice] 31#31: exiting
2025/03/08 19:39:51 [notice] 30#30: exiting
2025/03/08 19:39:51 [notice] 30#30: exit
2025/03/08 19:39:51 [notice] 31#31: exit
2025/03/08 19:39:51 [notice] 1#1: signal 17 (SIGCHLD) received from 29
2025/03/08 19:39:51 [notice] 1#1: worker process 29 exited with code 0
2025/03/08 19:39:51 [notice] 1#1: worker process 28 exited with code 0
2025/03/08 19:39:51 [notice] 1#1: signal 29 (SIGIO) received
2025/03/08 19:39:51 [notice] 1#1: signal 17 (SIGCHLD) received from 28
2025/03/08 19:39:51 [notice] 1#1: signal 17 (SIGCHLD) received from 30
2025/03/08 19:39:51 [notice] 1#1: worker process 30 exited with code 0
2025/03/08 19:39:51 [notice] 1#1: signal 29 (SIGIO) received
2025/03/08 19:39:51 [notice] 1#1: signal 17 (SIGCHLD) received from 31
2025/03/08 19:39:51 [notice] 1#1: worker process 31 exited with code 0
2025/03/08 19:39:51 [notice] 1#1: exit
2025/03/08 19:40:14 [notice] 1#1: using the "epoll" event method
2025/03/08 19:40:14 [notice] 1#1: nginx/1.27.3
2025/03/08 19:40:14 [notice] 1#1: built by gcc 12.2.0 (Debian 12.2.0-14) 
2025/03/08 19:40:14 [notice] 1#1: OS: Linux 6.11.0-17-generic
2025/03/08 19:40:14 [notice] 1#1: getrlimit(RLIMIT_NOFILE): 1048576:1048576
2025/03/08 19:40:14 [notice] 1#1: start worker processes
2025/03/08 19:40:14 [notice] 1#1: start worker process 28
2025/03/08 19:40:14 [notice] 1#1: start worker process 29
2025/03/08 19:40:14 [notice] 1#1: start worker process 30
2025/03/08 19:40:14 [notice] 1#1: start worker process 31
2025/03/08 20:20:50 [notice] 1#1: using the "epoll" event method
2025/03/08 20:20:50 [notice] 1#1: nginx/1.27.3
2025/03/08 20:20:50 [notice] 1#1: built by gcc 12.2.0 (Debian 12.2.0-14) 
2025/03/08 20:20:50 [notice] 1#1: OS: Linux 6.11.0-17-generic
2025/03/08 20:20:50 [notice] 1#1: getrlimit(RLIMIT_NOFILE): 1048576:1048576
2025/03/08 20:20:50 [notice] 1#1: start worker processes
2025/03/08 20:20:50 [notice] 1#1: start worker process 28
2025/03/08 20:20:50 [notice] 1#1: start worker process 29
2025/03/08 20:20:50 [notice] 1#1: start worker process 30
2025/03/08 20:20:50 [notice] 1#1: start worker process 31
2025/03/08 20:32:00 [notice] 1#1: signal 3 (SIGQUIT) received, shutting down
2025/03/08 20:32:00 [notice] 28#28: gracefully shutting down
2025/03/08 20:32:00 [notice] 29#29: gracefully shutting down
2025/03/08 20:32:00 [notice] 30#30: gracefully shutting down
2025/03/08 20:32:00 [notice] 28#28: exiting
2025/03/08 20:32:00 [notice] 29#29: exiting
2025/03/08 20:32:00 [notice] 30#30: exiting
2025/03/08 20:32:00 [notice] 28#28: exit
2025/03/08 20:32:00 [notice] 29#29: exit
2025/03/08 20:32:00 [notice] 30#30: exit
2025/03/08 20:32:00 [notice] 31#31: gracefully shutting down
2025/03/08 20:32:00 [notice] 31#31: exiting
2025/03/08 20:32:00 [notice] 31#31: exit
2025/03/08 20:32:00 [notice] 1#1: signal 17 (SIGCHLD) received from 28
2025/03/08 20:32:00 [notice] 1#1: worker process 28 exited with code 0
2025/03/08 20:32:00 [notice] 1#1: signal 29 (SIGIO) received
2025/03/08 20:32:00 [notice] 1#1: signal 17 (SIGCHLD) received from 30
2025/03/08 20:32:00 [notice] 1#1: worker process 30 exited with code 0
2025/03/08 20:32:00 [notice] 1#1: signal 29 (SIGIO) received
2025/03/08 20:32:00 [notice] 1#1: signal 17 (SIGCHLD) received from 31
2025/03/08 20:32:00 [notice] 1#1: worker process 29 exited with code 0
2025/03/08 20:32:00 [notice] 1#1: worker process 31 exited with code 0
2025/03/08 20:32:00 [notice] 1#1: exit
2025/03/08 20:32:17 [notice] 1#1: using the "epoll" event method
2025/03/08 20:32:17 [notice] 1#1: nginx/1.27.3
2025/03/08 20:32:17 [notice] 1#1: built by gcc 12.2.0 (Debian 12.2.0-14) 
2025/03/08 20:32:17 [notice] 1#1: OS: Linux 6.11.0-17-generic
2025/03/08 20:32:17 [notice] 1#1: getrlimit(RLIMIT_NOFILE): 1048576:1048576
2025/03/08 20:32:17 [notice] 1#1: start worker processes
2025/03/08 20:32:17 [notice] 1#1: start worker process 28
2025/03/08 20:32:17 [notice] 1#1: start worker process 29
2025/03/08 20:32:17 [notice] 1#1: start worker process 30
2025/03/08 20:32:17 [notice] 1#1: start worker process 31
2025/03/09 00:27:12 [notice] 1#1: using the "epoll" event method
2025/03/09 00:27:12 [notice] 1#1: nginx/1.27.3
2025/03/09 00:27:12 [notice] 1#1: built by gcc 12.2.0 (Debian 12.2.0-14) 
2025/03/09 00:27:12 [notice] 1#1: OS: Linux 6.11.0-17-generic
2025/03/09 00:27:12 [notice] 1#1: getrlimit(RLIMIT_NOFILE): 1048576:1048576
2025/03/09 00:27:12 [notice] 1#1: start worker processes
2025/03/09 00:27:12 [notice] 1#1: start worker process 28
2025/03/09 00:27:12 [notice] 1#1: start worker process 29
2025/03/09 00:27:12 [notice] 1#1: start worker process 30
2025/03/09 00:27:12 [notice] 1#1: start worker process 31
2025/03/09 21:12:52 [notice] 1#1: using the "epoll" event method
2025/03/09 21:12:52 [notice] 1#1: nginx/1.27.3
2025/03/09 21:12:52 [notice] 1#1: built by gcc 12.2.0 (Debian 12.2.0-14) 
2025/03/09 21:12:52 [notice] 1#1: OS: Linux 6.11.0-17-generic
2025/03/09 21:12:52 [notice] 1#1: getrlimit(RLIMIT_NOFILE): 1048576:1048576
2025/03/09 21:12:52 [notice] 1#1: start worker processes
2025/03/09 21:12:52 [notice] 1#1: start worker process 28
2025/03/09 21:12:52 [notice] 1#1: start worker process 29
2025/03/09 21:12:52 [notice] 1#1: start worker process 30
2025/03/09 21:12:52 [notice] 1#1: start worker process 31
2025/03/09 21:20:58 [notice] 1#1: using the "epoll" event method
2025/03/09 21:20:58 [notice] 1#1: nginx/1.27.3
2025/03/09 21:20:58 [notice] 1#1: built by gcc 12.2.0 (Debian 12.2.0-14) 
2025/03/09 21:20:58 [notice] 1#1: OS: Linux 6.11.0-17-generic
2025/03/09 21:20:58 [notice] 1#1: getrlimit(RLIMIT_NOFILE): 1048576:1048576
2025/03/09 21:20:58 [notice] 1#1: start worker processes
2025/03/09 21:20:58 [notice] 1#1: start worker process 28
2025/03/09 21:20:58 [notice] 1#1: start worker process 29
2025/03/09 21:20:58 [notice] 1#1: start worker process 30
2025/03/09 21:20:58 [notice] 1#1: start worker process 31
2025/03/09 21:43:01 [notice] 1#1: using the "epoll" event method
2025/03/09 21:43:01 [notice] 1#1: nginx/1.27.3
2025/03/09 21:43:01 [notice] 1#1: built by gcc 12.2.0 (Debian 12.2.0-14) 
2025/03/09 21:43:01 [notice] 1#1: OS: Linux 6.11.0-17-generic
2025/03/09 21:43:01 [notice] 1#1: getrlimit(RLIMIT_NOFILE): 1048576:1048576
2025/03/09 21:43:01 [notice] 1#1: start worker processes
2025/03/09 21:43:01 [notice] 1#1: start worker process 28
2025/03/09 21:43:01 [notice] 1#1: start worker process 29
2025/03/09 21:43:01 [notice] 1#1: start worker process 30
2025/03/09 21:43:01 [notice] 1#1: start worker process 31
2025/03/10 22:14:28 [notice] 1#1: using the "epoll" event method
2025/03/10 22:14:28 [notice] 1#1: nginx/1.27.3
2025/03/10 22:14:28 [notice] 1#1: built by gcc 12.2.0 (Debian 12.2.0-14) 
2025/03/10 22:14:28 [notice] 1#1: OS: Linux 6.11.0-19-generic
2025/03/10 22:14:28 [notice] 1#1: getrlimit(RLIMIT_NOFILE): 1048576:1048576
2025/03/10 22:14:28 [notice] 1#1: start worker processes
2025/03/10 22:14:28 [notice] 1#1: start worker process 28
2025/03/10 22:14:28 [notice] 1#1: start worker process 29
2025/03/10 22:14:28 [notice] 1#1: start worker process 30
2025/03/10 22:14:28 [notice] 1#1: start worker process 31
2025/03/11 20:33:28 [notice] 1#1: using the "epoll" event method
2025/03/11 20:33:28 [notice] 1#1: nginx/1.27.3
2025/03/11 20:33:28 [notice] 1#1: built by gcc 12.2.0 (Debian 12.2.0-14) 
2025/03/11 20:33:28 [notice] 1#1: OS: Linux 6.11.0-19-generic
2025/03/11 20:33:28 [notice] 1#1: getrlimit(RLIMIT_NOFILE): 1048576:1048576
2025/03/11 20:33:28 [notice] 1#1: start worker processes
2025/03/11 20:33:28 [notice] 1#1: start worker process 28
2025/03/11 20:33:28 [notice] 1#1: start worker process 29
2025/03/11 20:33:28 [notice] 1#1: start worker process 30
2025/03/11 20:33:28 [notice] 1#1: start worker process 31
2025/03/11 22:49:14 [notice] 1#1: signal 3 (SIGQUIT) received, shutting down
2025/03/11 22:49:14 [notice] 28#28: gracefully shutting down
2025/03/11 22:49:14 [notice] 28#28: exiting
2025/03/11 22:49:14 [notice] 28#28: exit
2025/03/11 22:49:14 [notice] 30#30: gracefully shutting down
2025/03/11 22:49:14 [notice] 30#30: exiting
2025/03/11 22:49:14 [notice] 30#30: exit
2025/03/11 22:49:14 [notice] 31#31: gracefully shutting down
2025/03/11 22:49:14 [notice] 31#31: exiting
2025/03/11 22:49:14 [notice] 31#31: exit
2025/03/11 22:49:14 [notice] 29#29: gracefully shutting down
2025/03/11 22:49:14 [notice] 29#29: exiting
2025/03/11 22:49:14 [notice] 29#29: exit
2025/03/11 22:49:14 [notice] 1#1: signal 17 (SIGCHLD) received from 28
2025/03/11 22:49:14 [notice] 1#1: worker process 28 exited with code 0
2025/03/11 22:49:14 [notice] 1#1: signal 29 (SIGIO) received
2025/03/11 22:49:14 [notice] 1#1: signal 17 (SIGCHLD) received from 30
2025/03/11 22:49:14 [notice] 1#1: worker process 29 exited with code 0
2025/03/11 22:49:14 [notice] 1#1: worker process 30 exited with code 0
2025/03/11 22:49:14 [notice] 1#1: worker process 31 exited with code 0
2025/03/11 22:49:14 [notice] 1#1: exit
2025/03/11 22:50:01 [notice] 1#1: using the "epoll" event method
2025/03/11 22:50:01 [notice] 1#1: nginx/1.27.3
2025/03/11 22:50:01 [notice] 1#1: built by gcc 12.2.0 (Debian 12.2.0-14) 
2025/03/11 22:50:01 [notice] 1#1: OS: Linux 6.11.0-19-generic
2025/03/11 22:50:01 [notice] 1#1: getrlimit(RLIMIT_NOFILE): 1048576:1048576
2025/03/11 22:50:01 [notice] 1#1: start worker processes
2025/03/11 22:50:01 [notice] 1#1: start worker process 28
2025/03/11 22:50:01 [notice] 1#1: start worker process 29
2025/03/11 22:50:01 [notice] 1#1: start worker process 30
2025/03/11 22:50:01 [notice] 1#1: start worker process 31
2025/03/12 08:58:49 [notice] 1#1: using the "epoll" event method
2025/03/12 08:58:49 [notice] 1#1: nginx/1.27.3
2025/03/12 08:58:49 [notice] 1#1: built by gcc 12.2.0 (Debian 12.2.0-14) 
2025/03/12 08:58:49 [notice] 1#1: OS: Linux 6.11.0-19-generic
2025/03/12 08:58:49 [notice] 1#1: getrlimit(RLIMIT_NOFILE): 1048576:1048576
2025/03/12 08:58:49 [notice] 1#1: start worker processes
2025/03/12 08:58:49 [notice] 1#1: start worker process 28
2025/03/12 08:58:49 [notice] 1#1: start worker process 29
2025/03/12 08:58:49 [notice] 1#1: start worker process 30
2025/03/12 08:58:49 [notice] 1#1: start worker process 31
2025/03/13 09:01:42 [notice] 1#1: using the "epoll" event method
2025/03/13 09:01:42 [notice] 1#1: nginx/1.27.3
2025/03/13 09:01:42 [notice] 1#1: built by gcc 12.2.0 (Debian 12.2.0-14) 
2025/03/13 09:01:42 [notice] 1#1: OS: Linux 6.11.0-19-generic
2025/03/13 09:01:42 [notice] 1#1: getrlimit(RLIMIT_NOFILE): 1048576:1048576
2025/03/13 09:01:42 [notice] 1#1: start worker processes
2025/03/13 09:01:42 [notice] 1#1: start worker process 28
2025/03/13 09:01:42 [notice] 1#1: start worker process 29
2025/03/13 09:01:42 [notice] 1#1: start worker process 30
2025/03/13 09:01:42 [notice] 1#1: start worker process 31
2025/03/14 17:10:37 [notice] 1#1: using the "epoll" event method
2025/03/14 17:10:37 [notice] 1#1: nginx/1.27.3
2025/03/14 17:10:37 [notice] 1#1: built by gcc 12.2.0 (Debian 12.2.0-14) 
2025/03/14 17:10:37 [notice] 1#1: OS: Linux 6.11.0-19-generic
2025/03/14 17:10:37 [notice] 1#1: getrlimit(RLIMIT_NOFILE): 1048576:1048576
2025/03/14 17:10:37 [notice] 1#1: start worker processes
2025/03/14 17:10:37 [notice] 1#1: start worker process 28
2025/03/14 17:10:37 [notice] 1#1: start worker process 29
2025/03/14 17:10:37 [notice] 1#1: start worker process 30
2025/03/14 17:10:37 [notice] 1#1: start worker process 31
2025/03/14 18:32:46 [notice] 1#1: signal 3 (SIGQUIT) received, shutting down
2025/03/14 18:32:46 [notice] 28#28: gracefully shutting down
2025/03/14 18:32:46 [notice] 29#29: gracefully shutting down
2025/03/14 18:32:46 [notice] 30#30: gracefully shutting down
2025/03/14 18:32:46 [notice] 28#28: exiting
2025/03/14 18:32:46 [notice] 29#29: exiting
2025/03/14 18:32:46 [notice] 28#28: exit
2025/03/14 18:32:46 [notice] 29#29: exit
2025/03/14 18:32:46 [notice] 30#30: exiting
2025/03/14 18:32:46 [notice] 30#30: exit
2025/03/14 18:32:46 [notice] 31#31: gracefully shutting down
2025/03/14 18:32:46 [notice] 31#31: exiting
2025/03/14 18:32:46 [notice] 31#31: exit
2025/03/14 18:32:46 [notice] 1#1: signal 17 (SIGCHLD) received from 31
2025/03/14 18:32:46 [notice] 1#1: worker process 29 exited with code 0
2025/03/14 18:32:46 [notice] 1#1: worker process 31 exited with code 0
2025/03/14 18:32:46 [notice] 1#1: signal 29 (SIGIO) received
2025/03/14 18:32:46 [notice] 1#1: signal 17 (SIGCHLD) received from 30
2025/03/14 18:32:46 [notice] 1#1: worker process 30 exited with code 0
2025/03/14 18:32:46 [notice] 1#1: worker process 28 exited with code 0
2025/03/14 18:32:46 [notice] 1#1: exit
2025/03/14 18:32:47 [notice] 1#1: using the "epoll" event method
2025/03/14 18:32:47 [notice] 1#1: nginx/1.27.3
2025/03/14 18:32:47 [notice] 1#1: built by gcc 12.2.0 (Debian 12.2.0-14) 
2025/03/14 18:32:47 [notice] 1#1: OS: Linux 6.11.0-19-generic
2025/03/14 18:32:47 [notice] 1#1: getrlimit(RLIMIT_NOFILE): 1048576:1048576
2025/03/14 18:32:47 [notice] 1#1: start worker processes
2025/03/14 18:32:47 [notice] 1#1: start worker process 28
2025/03/14 18:32:47 [notice] 1#1: start worker process 29
2025/03/14 18:32:47 [notice] 1#1: start worker process 30
2025/03/14 18:32:47 [notice] 1#1: start worker process 31
2025/03/14 18:44:50 [notice] 1#1: using the "epoll" event method
2025/03/14 18:44:50 [notice] 1#1: nginx/1.27.3
2025/03/14 18:44:50 [notice] 1#1: built by gcc 12.2.0 (Debian 12.2.0-14) 
2025/03/14 18:44:50 [notice] 1#1: OS: Linux 6.11.0-19-generic
2025/03/14 18:44:50 [notice] 1#1: getrlimit(RLIMIT_NOFILE): 1048576:1048576
2025/03/14 18:44:50 [notice] 1#1: start worker processes
2025/03/14 18:44:50 [notice] 1#1: start worker process 28
2025/03/14 18:44:50 [notice] 1#1: start worker process 29
2025/03/14 18:44:50 [notice] 1#1: start worker process 30
2025/03/14 18:44:50 [notice] 1#1: start worker process 31
2025/03/15 08:47:44 [notice] 1#1: using the "epoll" event method
2025/03/15 08:47:44 [notice] 1#1: nginx/1.27.3
2025/03/15 08:47:44 [notice] 1#1: built by gcc 12.2.0 (Debian 12.2.0-14) 
2025/03/15 08:47:44 [notice] 1#1: OS: Linux 6.11.0-19-generic
2025/03/15 08:47:44 [notice] 1#1: getrlimit(RLIMIT_NOFILE): 1048576:1048576
2025/03/15 08:47:44 [notice] 1#1: start worker processes
2025/03/15 08:47:44 [notice] 1#1: start worker process 27
2025/03/15 08:47:44 [notice] 1#1: start worker process 28
2025/03/15 08:47:44 [notice] 1#1: start worker process 29
2025/03/15 08:47:44 [notice] 1#1: start worker process 30
2025/03/16 09:01:40 [notice] 1#1: using the "epoll" event method
2025/03/16 09:01:40 [notice] 1#1: nginx/1.27.3
2025/03/16 09:01:40 [notice] 1#1: built by gcc 12.2.0 (Debian 12.2.0-14) 
2025/03/16 09:01:40 [notice] 1#1: OS: Linux 6.11.0-19-generic
2025/03/16 09:01:40 [notice] 1#1: getrlimit(RLIMIT_NOFILE): 1048576:1048576
2025/03/16 09:01:40 [notice] 1#1: start worker processes
2025/03/16 09:01:40 [notice] 1#1: start worker process 28
2025/03/16 09:01:40 [notice] 1#1: start worker process 29
2025/03/16 09:01:40 [notice] 1#1: start worker process 30
2025/03/16 09:01:40 [notice] 1#1: start worker process 31
2025/03/22 15:56:38 [notice] 1#1: using the "epoll" event method
2025/03/22 15:56:38 [notice] 1#1: nginx/1.27.3
2025/03/22 15:56:38 [notice] 1#1: built by gcc 12.2.0 (Debian 12.2.0-14) 
2025/03/22 15:56:38 [notice] 1#1: OS: Linux 6.11.0-19-generic
2025/03/22 15:56:38 [notice] 1#1: getrlimit(RLIMIT_NOFILE): 1048576:1048576
2025/03/22 15:56:38 [notice] 1#1: start worker processes
2025/03/22 15:56:38 [notice] 1#1: start worker process 28
2025/03/22 15:56:38 [notice] 1#1: start worker process 29
2025/03/22 15:56:38 [notice] 1#1: start worker process 30
2025/03/22 15:56:38 [notice] 1#1: start worker process 31
2025/03/22 22:41:35 [notice] 1#1: using the "epoll" event method
2025/03/22 22:41:35 [notice] 1#1: nginx/1.27.3
2025/03/22 22:41:35 [notice] 1#1: built by gcc 12.2.0 (Debian 12.2.0-14) 
2025/03/22 22:41:35 [notice] 1#1: OS: Linux 6.11.0-19-generic
2025/03/22 22:41:35 [notice] 1#1: getrlimit(RLIMIT_NOFILE): 1048576:1048576
2025/03/22 22:41:35 [notice] 1#1: start worker processes
2025/03/22 22:41:35 [notice] 1#1: start worker process 28
2025/03/22 22:41:35 [notice] 1#1: start worker process 29
2025/03/22 22:41:35 [notice] 1#1: start worker process 30
2025/03/22 22:41:35 [notice] 1#1: start worker process 31
2025/03/23 15:56:08 [notice] 1#1: using the "epoll" event method
2025/03/23 15:56:08 [notice] 1#1: nginx/1.27.3
2025/03/23 15:56:08 [notice] 1#1: built by gcc 12.2.0 (Debian 12.2.0-14) 
2025/03/23 15:56:08 [notice] 1#1: OS: Linux 6.11.0-19-generic
2025/03/23 15:56:08 [notice] 1#1: getrlimit(RLIMIT_NOFILE): 1048576:1048576
2025/03/23 15:56:08 [notice] 1#1: start worker processes
2025/03/23 15:56:08 [notice] 1#1: start worker process 27
2025/03/23 15:56:08 [notice] 1#1: start worker process 28
2025/03/23 15:56:08 [notice] 1#1: start worker process 29
2025/03/23 15:56:08 [notice] 1#1: start worker process 30
2025/03/24 10:32:13 [notice] 1#1: using the "epoll" event method
2025/03/24 10:32:13 [notice] 1#1: nginx/1.27.3
2025/03/24 10:32:13 [notice] 1#1: built by gcc 12.2.0 (Debian 12.2.0-14) 
2025/03/24 10:32:13 [notice] 1#1: OS: Linux 6.11.0-19-generic
2025/03/24 10:32:13 [notice] 1#1: getrlimit(RLIMIT_NOFILE): 1048576:1048576
2025/03/24 10:32:13 [notice] 1#1: start worker processes
2025/03/24 10:32:13 [notice] 1#1: start worker process 28
2025/03/24 10:32:13 [notice] 1#1: start worker process 29
2025/03/24 10:32:13 [notice] 1#1: start worker process 30
2025/03/24 10:32:13 [notice] 1#1: start worker process 31
2025/03/25 12:31:28 [notice] 1#1: using the "epoll" event method
2025/03/25 12:31:28 [notice] 1#1: nginx/1.27.3
2025/03/25 12:31:28 [notice] 1#1: built by gcc 12.2.0 (Debian 12.2.0-14) 
2025/03/25 12:31:28 [notice] 1#1: OS: Linux 6.11.0-19-generic
2025/03/25 12:31:28 [notice] 1#1: getrlimit(RLIMIT_NOFILE): 1048576:1048576
2025/03/25 12:31:28 [notice] 1#1: start worker processes
2025/03/25 12:31:28 [notice] 1#1: start worker process 28
2025/03/25 12:31:28 [notice] 1#1: start worker process 29
2025/03/25 12:31:28 [notice] 1#1: start worker process 30
2025/03/25 12:31:28 [notice] 1#1: start worker process 31
2025/03/25 12:44:06 [notice] 1#1: using the "epoll" event method
2025/03/25 12:44:06 [notice] 1#1: nginx/1.27.3
2025/03/25 12:44:06 [notice] 1#1: built by gcc 12.2.0 (Debian 12.2.0-14) 
2025/03/25 12:44:06 [notice] 1#1: OS: Linux 6.11.0-19-generic
2025/03/25 12:44:06 [notice] 1#1: getrlimit(RLIMIT_NOFILE): 1048576:1048576
2025/03/25 12:44:06 [notice] 1#1: start worker processes
2025/03/25 12:44:06 [notice] 1#1: start worker process 28
2025/03/25 12:44:06 [notice] 1#1: start worker process 29
2025/03/25 12:44:06 [notice] 1#1: start worker process 30
2025/03/25 12:44:06 [notice] 1#1: start worker process 31
2025/04/07 20:51:39 [notice] 1#1: using the "epoll" event method
2025/04/07 20:51:39 [notice] 1#1: nginx/1.27.3
2025/04/07 20:51:39 [notice] 1#1: built by gcc 12.2.0 (Debian 12.2.0-14) 
2025/04/07 20:51:39 [notice] 1#1: OS: Linux 6.11.0-19-generic
2025/04/07 20:51:39 [notice] 1#1: getrlimit(RLIMIT_NOFILE): 1048576:1048576
2025/04/07 20:51:39 [notice] 1#1: start worker processes
2025/04/07 20:51:39 [notice] 1#1: start worker process 27
2025/04/07 20:51:39 [notice] 1#1: start worker process 28
2025/04/07 20:51:39 [notice] 1#1: start worker process 29
2025/04/07 20:51:39 [notice] 1#1: start worker process 30
2025/04/08 01:19:35 [notice] 1#1: signal 3 (SIGQUIT) received, shutting down
2025/04/08 01:19:35 [notice] 27#27: gracefully shutting down
2025/04/08 01:19:35 [notice] 30#30: gracefully shutting down
2025/04/08 01:19:35 [notice] 27#27: exiting
2025/04/08 01:19:35 [notice] 30#30: exiting
2025/04/08 01:19:35 [notice] 27#27: exit
2025/04/08 01:19:35 [notice] 30#30: exit
2025/04/08 01:19:35 [notice] 28#28: gracefully shutting down
2025/04/08 01:19:35 [notice] 29#29: gracefully shutting down
2025/04/08 01:19:35 [notice] 28#28: exiting
2025/04/08 01:19:35 [notice] 29#29: exiting
2025/04/08 01:19:35 [notice] 28#28: exit
2025/04/08 01:19:35 [notice] 29#29: exit
2025/04/08 01:19:35 [notice] 1#1: signal 17 (SIGCHLD) received from 28
2025/04/08 01:19:35 [notice] 1#1: worker process 28 exited with code 0
2025/04/08 01:19:35 [notice] 1#1: signal 29 (SIGIO) received
2025/04/08 01:19:35 [notice] 1#1: signal 17 (SIGCHLD) received from 29
2025/04/08 01:19:35 [notice] 1#1: worker process 27 exited with code 0
2025/04/08 01:19:35 [notice] 1#1: worker process 29 exited with code 0
2025/04/08 01:19:35 [notice] 1#1: signal 29 (SIGIO) received
2025/04/08 01:19:35 [notice] 1#1: signal 17 (SIGCHLD) received from 27
2025/04/08 01:19:35 [notice] 1#1: signal 17 (SIGCHLD) received from 30
2025/04/08 01:19:35 [notice] 1#1: worker process 30 exited with code 0
2025/04/08 01:19:35 [notice] 1#1: exit
2025/04/08 00:19:36 [notice] 1#1: using the "epoll" event method
2025/04/08 00:19:36 [notice] 1#1: nginx/1.27.3
2025/04/08 00:19:36 [notice] 1#1: built by gcc 12.2.0 (Debian 12.2.0-14) 
2025/04/08 00:19:36 [notice] 1#1: OS: Linux 6.11.0-19-generic
2025/04/08 00:19:36 [notice] 1#1: getrlimit(RLIMIT_NOFILE): 1048576:1048576
2025/04/08 00:19:36 [notice] 1#1: start worker processes
2025/04/08 00:19:36 [notice] 1#1: start worker process 28
2025/04/08 00:19:36 [notice] 1#1: start worker process 29
2025/04/08 00:19:36 [notice] 1#1: start worker process 30
2025/04/08 00:19:36 [notice] 1#1: start worker process 31
2025/04/08 00:23:56 [notice] 1#1: signal 3 (SIGQUIT) received, shutting down
2025/04/08 00:23:56 [notice] 30#30: gracefully shutting down
2025/04/08 00:23:56 [notice] 30#30: exiting
2025/04/08 00:23:56 [notice] 30#30: exit
2025/04/08 00:23:56 [notice] 28#28: gracefully shutting down
2025/04/08 00:23:56 [notice] 28#28: exiting
2025/04/08 00:23:56 [notice] 28#28: exit
2025/04/08 00:23:56 [notice] 31#31: gracefully shutting down
2025/04/08 00:23:56 [notice] 31#31: exiting
2025/04/08 00:23:56 [notice] 31#31: exit
2025/04/08 00:23:56 [notice] 29#29: gracefully shutting down
2025/04/08 00:23:56 [notice] 29#29: exiting
2025/04/08 00:23:56 [notice] 29#29: exit
2025/04/08 00:23:56 [notice] 1#1: signal 17 (SIGCHLD) received from 30
2025/04/08 00:23:56 [notice] 1#1: worker process 30 exited with code 0
2025/04/08 00:23:56 [notice] 1#1: signal 29 (SIGIO) received
2025/04/08 00:23:56 [notice] 1#1: signal 17 (SIGCHLD) received from 28
2025/04/08 00:23:56 [notice] 1#1: worker process 28 exited with code 0
2025/04/08 00:23:56 [notice] 1#1: signal 29 (SIGIO) received
2025/04/08 00:23:56 [notice] 1#1: signal 17 (SIGCHLD) received from 31
2025/04/08 00:23:56 [notice] 1#1: worker process 31 exited with code 0
2025/04/08 00:23:56 [notice] 1#1: signal 29 (SIGIO) received
2025/04/08 00:23:56 [notice] 1#1: signal 17 (SIGCHLD) received from 29
2025/04/08 00:23:56 [notice] 1#1: worker process 29 exited with code 0
2025/04/08 00:23:56 [notice] 1#1: exit
2025/04/08 00:24:16 [notice] 1#1: using the "epoll" event method
2025/04/08 00:24:16 [notice] 1#1: nginx/1.27.3
2025/04/08 00:24:16 [notice] 1#1: built by gcc 12.2.0 (Debian 12.2.0-14) 
2025/04/08 00:24:16 [notice] 1#1: OS: Linux 6.11.0-19-generic
2025/04/08 00:24:16 [notice] 1#1: getrlimit(RLIMIT_NOFILE): 1048576:1048576
2025/04/08 00:24:16 [notice] 1#1: start worker processes
2025/04/08 00:24:16 [notice] 1#1: start worker process 28
2025/04/08 00:24:16 [notice] 1#1: start worker process 29
2025/04/08 00:24:16 [notice] 1#1: start worker process 30
2025/04/08 00:24:16 [notice] 1#1: start worker process 31
2025/04/08 11:38:27 [notice] 1#1: using the "epoll" event method
2025/04/08 11:38:27 [notice] 1#1: nginx/1.27.3
2025/04/08 11:38:27 [notice] 1#1: built by gcc 12.2.0 (Debian 12.2.0-14) 
2025/04/08 11:38:27 [notice] 1#1: OS: Linux 6.11.0-19-generic
2025/04/08 11:38:27 [notice] 1#1: getrlimit(RLIMIT_NOFILE): 1048576:1048576
2025/04/08 11:38:27 [notice] 1#1: start worker processes
2025/04/08 11:38:27 [notice] 1#1: start worker process 28
2025/04/08 11:38:27 [notice] 1#1: start worker process 29
2025/04/08 11:38:27 [notice] 1#1: start worker process 30
2025/04/08 11:38:27 [notice] 1#1: start worker process 31
2025/04/08 12:03:54 [notice] 1#1: signal 3 (SIGQUIT) received, shutting down
2025/04/08 12:03:54 [notice] 29#29: gracefully shutting down
2025/04/08 12:03:54 [notice] 29#29: exiting
2025/04/08 12:03:54 [notice] 28#28: gracefully shutting down
2025/04/08 12:03:54 [notice] 28#28: exiting
2025/04/08 12:03:54 [notice] 29#29: exit
2025/04/08 12:03:54 [notice] 28#28: exit
2025/04/08 12:03:54 [notice] 30#30: gracefully shutting down
2025/04/08 12:03:54 [notice] 30#30: exiting
2025/04/08 12:03:54 [notice] 30#30: exit
2025/04/08 12:03:54 [notice] 31#31: gracefully shutting down
2025/04/08 12:03:54 [notice] 31#31: exiting
2025/04/08 12:03:54 [notice] 31#31: exit
2025/04/08 12:03:54 [notice] 1#1: signal 17 (SIGCHLD) received from 28
2025/04/08 12:03:54 [notice] 1#1: worker process 28 exited with code 0
2025/04/08 12:03:54 [notice] 1#1: worker process 29 exited with code 0
2025/04/08 12:03:54 [notice] 1#1: signal 29 (SIGIO) received
2025/04/08 12:03:54 [notice] 1#1: signal 17 (SIGCHLD) received from 31
2025/04/08 12:03:54 [notice] 1#1: worker process 31 exited with code 0
2025/04/08 12:03:54 [notice] 1#1: signal 29 (SIGIO) received
2025/04/08 12:03:54 [notice] 1#1: signal 17 (SIGCHLD) received from 30
2025/04/08 12:03:54 [notice] 1#1: worker process 30 exited with code 0
2025/04/08 12:03:54 [notice] 1#1: exit
