2025/04/11 02:23:18 [notice] 1#1: using the "epoll" event method
2025/04/11 02:23:18 [notice] 1#1: nginx/1.27.3
2025/04/11 02:23:18 [notice] 1#1: built by gcc 12.2.0 (Debian 12.2.0-14) 
2025/04/11 02:23:18 [notice] 1#1: OS: Linux 6.11.0-21-generic
2025/04/11 02:23:18 [notice] 1#1: getrlimit(RLIMIT_NOFILE): 1048576:1048576
2025/04/11 02:23:18 [notice] 1#1: start worker processes
2025/04/11 02:23:18 [notice] 1#1: start worker process 27
2025/04/11 02:23:18 [notice] 1#1: start worker process 28
2025/04/11 02:23:18 [notice] 1#1: start worker process 29
2025/04/11 02:23:18 [notice] 1#1: start worker process 30
2025/04/11 02:30:57 [notice] 1#1: signal 3 (SIGQUIT) received, shutting down
2025/04/11 02:30:57 [notice] 30#30: gracefully shutting down
2025/04/11 02:30:57 [notice] 30#30: exiting
2025/04/11 02:30:57 [notice] 30#30: exit
2025/04/11 02:30:57 [notice] 29#29: gracefully shutting down
2025/04/11 02:30:57 [notice] 27#27: gracefully shutting down
2025/04/11 02:30:57 [notice] 29#29: exiting
2025/04/11 02:30:57 [notice] 27#27: exiting
2025/04/11 02:30:57 [notice] 27#27: exit
2025/04/11 02:30:57 [notice] 29#29: exit
2025/04/11 02:30:57 [notice] 28#28: gracefully shutting down
2025/04/11 02:30:57 [notice] 28#28: exiting
2025/04/11 02:30:57 [notice] 28#28: exit
2025/04/11 02:30:57 [notice] 1#1: signal 17 (SIGCHLD) received from 30
2025/04/11 02:30:57 [notice] 1#1: worker process 30 exited with code 0
2025/04/11 02:30:57 [notice] 1#1: signal 29 (SIGIO) received
2025/04/11 02:30:57 [notice] 1#1: signal 17 (SIGCHLD) received from 29
2025/04/11 02:30:57 [notice] 1#1: worker process 29 exited with code 0
2025/04/11 02:30:57 [notice] 1#1: signal 29 (SIGIO) received
2025/04/11 02:30:57 [notice] 1#1: signal 17 (SIGCHLD) received from 28
2025/04/11 02:30:57 [notice] 1#1: worker process 27 exited with code 0
2025/04/11 02:30:57 [notice] 1#1: worker process 28 exited with code 0
2025/04/11 02:30:57 [notice] 1#1: exit
2025/04/11 02:31:15 [notice] 1#1: using the "epoll" event method
2025/04/11 02:31:15 [notice] 1#1: nginx/1.27.3
2025/04/11 02:31:15 [notice] 1#1: built by gcc 12.2.0 (Debian 12.2.0-14) 
2025/04/11 02:31:15 [notice] 1#1: OS: Linux 6.11.0-21-generic
2025/04/11 02:31:15 [notice] 1#1: getrlimit(RLIMIT_NOFILE): 1048576:1048576
2025/04/11 02:31:15 [notice] 1#1: start worker processes
2025/04/11 02:31:15 [notice] 1#1: start worker process 27
2025/04/11 02:31:15 [notice] 1#1: start worker process 28
2025/04/11 02:31:15 [notice] 1#1: start worker process 29
2025/04/11 02:31:15 [notice] 1#1: start worker process 30
2025/04/11 17:33:18 [notice] 1#1: using the "epoll" event method
2025/04/11 17:33:18 [notice] 1#1: nginx/1.27.3
2025/04/11 17:33:18 [notice] 1#1: built by gcc 12.2.0 (Debian 12.2.0-14) 
2025/04/11 17:33:18 [notice] 1#1: OS: Linux 6.11.0-21-generic
2025/04/11 17:33:18 [notice] 1#1: getrlimit(RLIMIT_NOFILE): 1048576:1048576
2025/04/11 17:33:18 [notice] 1#1: start worker processes
2025/04/11 17:33:18 [notice] 1#1: start worker process 28
2025/04/11 17:33:18 [notice] 1#1: start worker process 29
2025/04/11 17:33:18 [notice] 1#1: start worker process 30
2025/04/11 17:33:18 [notice] 1#1: start worker process 31
2025/04/12 20:48:12 [notice] 1#1: using the "epoll" event method
2025/04/12 20:48:12 [notice] 1#1: nginx/1.27.3
2025/04/12 20:48:12 [notice] 1#1: built by gcc 12.2.0 (Debian 12.2.0-14) 
2025/04/12 20:48:12 [notice] 1#1: OS: Linux 6.11.0-21-generic
2025/04/12 20:48:12 [notice] 1#1: getrlimit(RLIMIT_NOFILE): 1048576:1048576
2025/04/12 20:48:12 [notice] 1#1: start worker processes
2025/04/12 20:48:12 [notice] 1#1: start worker process 28
2025/04/12 20:48:12 [notice] 1#1: start worker process 29
2025/04/12 20:48:12 [notice] 1#1: start worker process 30
2025/04/12 20:48:12 [notice] 1#1: start worker process 31
2025/04/12 22:00:06 [notice] 1#1: using the "epoll" event method
2025/04/12 22:00:06 [notice] 1#1: nginx/1.27.3
2025/04/12 22:00:06 [notice] 1#1: built by gcc 12.2.0 (Debian 12.2.0-14) 
2025/04/12 22:00:06 [notice] 1#1: OS: Linux 6.11.0-21-generic
2025/04/12 22:00:06 [notice] 1#1: getrlimit(RLIMIT_NOFILE): 1048576:1048576
2025/04/12 22:00:06 [notice] 1#1: start worker processes
2025/04/12 22:00:06 [notice] 1#1: start worker process 27
2025/04/12 22:00:06 [notice] 1#1: start worker process 28
2025/04/12 22:00:06 [notice] 1#1: start worker process 29
2025/04/12 22:00:06 [notice] 1#1: start worker process 30
2025/04/13 12:37:07 [notice] 1#1: using the "epoll" event method
2025/04/13 12:37:07 [notice] 1#1: nginx/1.27.3
2025/04/13 12:37:07 [notice] 1#1: built by gcc 12.2.0 (Debian 12.2.0-14) 
2025/04/13 12:37:07 [notice] 1#1: OS: Linux 6.11.0-21-generic
2025/04/13 12:37:07 [notice] 1#1: getrlimit(RLIMIT_NOFILE): 1048576:1048576
2025/04/13 12:37:07 [notice] 1#1: start worker processes
2025/04/13 12:37:07 [notice] 1#1: start worker process 28
2025/04/13 12:37:07 [notice] 1#1: start worker process 29
2025/04/13 12:37:07 [notice] 1#1: start worker process 30
2025/04/13 12:37:07 [notice] 1#1: start worker process 31
2025/04/14 16:02:56 [notice] 1#1: using the "epoll" event method
2025/04/14 16:02:56 [notice] 1#1: nginx/1.27.3
2025/04/14 16:02:56 [notice] 1#1: built by gcc 12.2.0 (Debian 12.2.0-14) 
2025/04/14 16:02:56 [notice] 1#1: OS: Linux 6.11.0-21-generic
2025/04/14 16:02:56 [notice] 1#1: getrlimit(RLIMIT_NOFILE): 1048576:1048576
2025/04/14 16:02:56 [notice] 1#1: start worker processes
2025/04/14 16:02:56 [notice] 1#1: start worker process 28
2025/04/14 16:02:56 [notice] 1#1: start worker process 29
2025/04/14 16:02:56 [notice] 1#1: start worker process 30
2025/04/14 16:02:56 [notice] 1#1: start worker process 31
2025/04/14 18:03:37 [notice] 1#1: using the "epoll" event method
2025/04/14 18:03:37 [notice] 1#1: nginx/1.27.3
2025/04/14 18:03:37 [notice] 1#1: built by gcc 12.2.0 (Debian 12.2.0-14) 
2025/04/14 18:03:37 [notice] 1#1: OS: Linux 6.11.0-21-generic
2025/04/14 18:03:37 [notice] 1#1: getrlimit(RLIMIT_NOFILE): 1048576:1048576
2025/04/14 18:03:37 [notice] 1#1: start worker processes
2025/04/14 18:03:37 [notice] 1#1: start worker process 28
2025/04/14 18:03:37 [notice] 1#1: start worker process 29
2025/04/14 18:03:37 [notice] 1#1: start worker process 30
2025/04/14 18:03:37 [notice] 1#1: start worker process 31
2025/04/15 02:46:48 [notice] 1#1: signal 3 (SIGQUIT) received, shutting down
2025/04/15 02:46:48 [notice] 28#28: gracefully shutting down
2025/04/15 02:46:48 [notice] 28#28: exiting
2025/04/15 02:46:48 [notice] 30#30: gracefully shutting down
2025/04/15 02:46:48 [notice] 30#30: exiting
2025/04/15 02:46:48 [notice] 29#29: gracefully shutting down
2025/04/15 02:46:48 [notice] 29#29: exiting
2025/04/15 02:46:48 [notice] 31#31: gracefully shutting down
2025/04/15 02:46:48 [notice] 31#31: exiting
2025/04/15 02:46:48 [notice] 30#30: exit
2025/04/15 02:46:48 [notice] 28#28: exit
2025/04/15 02:46:48 [notice] 29#29: exit
2025/04/15 02:46:48 [notice] 31#31: exit
2025/04/15 02:46:48 [notice] 1#1: signal 17 (SIGCHLD) received from 29
2025/04/15 02:46:48 [notice] 1#1: worker process 28 exited with code 0
2025/04/15 02:46:48 [notice] 1#1: worker process 29 exited with code 0
2025/04/15 02:46:48 [notice] 1#1: worker process 30 exited with code 0
2025/04/15 02:46:48 [notice] 1#1: signal 29 (SIGIO) received
2025/04/15 02:46:48 [notice] 1#1: signal 17 (SIGCHLD) received from 31
2025/04/15 02:46:48 [notice] 1#1: worker process 31 exited with code 0
2025/04/15 02:46:48 [notice] 1#1: exit
2025/04/15 02:47:44 [notice] 1#1: using the "epoll" event method
2025/04/15 02:47:44 [notice] 1#1: nginx/1.27.3
2025/04/15 02:47:44 [notice] 1#1: built by gcc 12.2.0 (Debian 12.2.0-14) 
2025/04/15 02:47:44 [notice] 1#1: OS: Linux 6.11.0-21-generic
2025/04/15 02:47:44 [notice] 1#1: getrlimit(RLIMIT_NOFILE): 1048576:1048576
2025/04/15 02:47:44 [notice] 1#1: start worker processes
2025/04/15 02:47:44 [notice] 1#1: start worker process 28
2025/04/15 02:47:44 [notice] 1#1: start worker process 29
2025/04/15 02:47:44 [notice] 1#1: start worker process 30
2025/04/15 02:47:44 [notice] 1#1: start worker process 31
2025/04/15 15:37:35 [notice] 1#1: using the "epoll" event method
2025/04/15 15:37:35 [notice] 1#1: nginx/1.27.3
2025/04/15 15:37:35 [notice] 1#1: built by gcc 12.2.0 (Debian 12.2.0-14) 
2025/04/15 15:37:35 [notice] 1#1: OS: Linux 6.11.0-21-generic
2025/04/15 15:37:35 [notice] 1#1: getrlimit(RLIMIT_NOFILE): 1048576:1048576
2025/04/15 15:37:35 [notice] 1#1: start worker processes
2025/04/15 15:37:35 [notice] 1#1: start worker process 28
2025/04/15 15:37:35 [notice] 1#1: start worker process 29
2025/04/15 15:37:35 [notice] 1#1: start worker process 30
2025/04/15 15:37:35 [notice] 1#1: start worker process 31
2025/04/15 23:19:31 [notice] 1#1: using the "epoll" event method
2025/04/15 23:19:31 [notice] 1#1: nginx/1.27.3
2025/04/15 23:19:31 [notice] 1#1: built by gcc 12.2.0 (Debian 12.2.0-14) 
2025/04/15 23:19:31 [notice] 1#1: OS: Linux 6.11.0-21-generic
2025/04/15 23:19:31 [notice] 1#1: getrlimit(RLIMIT_NOFILE): 1048576:1048576
2025/04/15 23:19:31 [notice] 1#1: start worker processes
2025/04/15 23:19:31 [notice] 1#1: start worker process 28
2025/04/15 23:19:31 [notice] 1#1: start worker process 29
2025/04/15 23:19:31 [notice] 1#1: start worker process 30
2025/04/15 23:19:31 [notice] 1#1: start worker process 31
2025/04/16 23:11:24 [notice] 1#1: using the "epoll" event method
2025/04/16 23:11:24 [notice] 1#1: nginx/1.27.3
2025/04/16 23:11:24 [notice] 1#1: built by gcc 12.2.0 (Debian 12.2.0-14) 
2025/04/16 23:11:24 [notice] 1#1: OS: Linux 6.11.0-21-generic
2025/04/16 23:11:24 [notice] 1#1: getrlimit(RLIMIT_NOFILE): 1048576:1048576
2025/04/16 23:11:24 [notice] 1#1: start worker processes
2025/04/16 23:11:24 [notice] 1#1: start worker process 27
2025/04/16 23:11:24 [notice] 1#1: start worker process 28
2025/04/16 23:11:24 [notice] 1#1: start worker process 29
2025/04/16 23:11:24 [notice] 1#1: start worker process 30
2025/04/16 23:15:55 [notice] 1#1: signal 3 (SIGQUIT) received, shutting down
2025/04/16 23:15:55 [notice] 27#27: gracefully shutting down
2025/04/16 23:15:55 [notice] 30#30: gracefully shutting down
2025/04/16 23:15:55 [notice] 27#27: exiting
2025/04/16 23:15:55 [notice] 30#30: exiting
2025/04/16 23:15:55 [notice] 30#30: exit
2025/04/16 23:15:55 [notice] 29#29: gracefully shutting down
2025/04/16 23:15:55 [notice] 29#29: exiting
2025/04/16 23:15:55 [notice] 29#29: exit
2025/04/16 23:15:55 [notice] 28#28: gracefully shutting down
2025/04/16 23:15:55 [notice] 28#28: exiting
2025/04/16 23:15:55 [notice] 28#28: exit
2025/04/16 23:15:55 [notice] 27#27: exit
2025/04/16 23:15:55 [notice] 1#1: signal 17 (SIGCHLD) received from 30
2025/04/16 23:15:55 [notice] 1#1: worker process 28 exited with code 0
2025/04/16 23:15:55 [notice] 1#1: worker process 30 exited with code 0
2025/04/16 23:15:55 [notice] 1#1: signal 29 (SIGIO) received
2025/04/16 23:15:55 [notice] 1#1: signal 17 (SIGCHLD) received from 27
2025/04/16 23:15:55 [notice] 1#1: worker process 27 exited with code 0
2025/04/16 23:15:55 [notice] 1#1: signal 29 (SIGIO) received
2025/04/16 23:15:55 [notice] 1#1: signal 17 (SIGCHLD) received from 29
2025/04/16 23:15:55 [notice] 1#1: worker process 29 exited with code 0
2025/04/16 23:15:55 [notice] 1#1: exit
2025/04/16 23:18:35 [notice] 1#1: using the "epoll" event method
2025/04/16 23:18:35 [notice] 1#1: nginx/1.27.3
2025/04/16 23:18:35 [notice] 1#1: built by gcc 12.2.0 (Debian 12.2.0-14) 
2025/04/16 23:18:35 [notice] 1#1: OS: Linux 6.11.0-21-generic
2025/04/16 23:18:35 [notice] 1#1: getrlimit(RLIMIT_NOFILE): 1048576:1048576
2025/04/16 23:18:35 [notice] 1#1: start worker processes
2025/04/16 23:18:35 [notice] 1#1: start worker process 28
2025/04/16 23:18:35 [notice] 1#1: start worker process 29
2025/04/16 23:18:35 [notice] 1#1: start worker process 30
2025/04/16 23:18:35 [notice] 1#1: start worker process 31
2025/04/16 23:21:37 [notice] 1#1: signal 3 (SIGQUIT) received, shutting down
2025/04/16 23:21:37 [notice] 29#29: gracefully shutting down
2025/04/16 23:21:37 [notice] 29#29: exiting
2025/04/16 23:21:37 [notice] 29#29: exit
2025/04/16 23:21:37 [notice] 28#28: gracefully shutting down
2025/04/16 23:21:37 [notice] 28#28: exiting
2025/04/16 23:21:37 [notice] 28#28: exit
2025/04/16 23:21:37 [notice] 30#30: gracefully shutting down
2025/04/16 23:21:37 [notice] 30#30: exiting
2025/04/16 23:21:37 [notice] 30#30: exit
2025/04/16 23:21:37 [notice] 31#31: gracefully shutting down
2025/04/16 23:21:37 [notice] 31#31: exiting
2025/04/16 23:21:37 [notice] 31#31: exit
2025/04/16 23:21:37 [notice] 1#1: signal 17 (SIGCHLD) received from 29
2025/04/16 23:21:37 [notice] 1#1: worker process 29 exited with code 0
2025/04/16 23:21:37 [notice] 1#1: signal 29 (SIGIO) received
2025/04/16 23:21:37 [notice] 1#1: signal 17 (SIGCHLD) received from 28
2025/04/16 23:21:37 [notice] 1#1: worker process 28 exited with code 0
2025/04/16 23:21:37 [notice] 1#1: signal 29 (SIGIO) received
2025/04/16 23:21:37 [notice] 1#1: signal 17 (SIGCHLD) received from 30
2025/04/16 23:21:37 [notice] 1#1: worker process 30 exited with code 0
2025/04/16 23:21:37 [notice] 1#1: signal 29 (SIGIO) received
2025/04/16 23:21:37 [notice] 1#1: signal 17 (SIGCHLD) received from 31
2025/04/16 23:21:37 [notice] 1#1: worker process 31 exited with code 0
2025/04/16 23:21:37 [notice] 1#1: exit
2025/04/16 23:22:05 [notice] 1#1: using the "epoll" event method
2025/04/16 23:22:05 [notice] 1#1: nginx/1.27.3
2025/04/16 23:22:05 [notice] 1#1: built by gcc 12.2.0 (Debian 12.2.0-14) 
2025/04/16 23:22:05 [notice] 1#1: OS: Linux 6.11.0-21-generic
2025/04/16 23:22:05 [notice] 1#1: getrlimit(RLIMIT_NOFILE): 1048576:1048576
2025/04/16 23:22:05 [notice] 1#1: start worker processes
2025/04/16 23:22:05 [notice] 1#1: start worker process 28
2025/04/16 23:22:05 [notice] 1#1: start worker process 29
2025/04/16 23:22:05 [notice] 1#1: start worker process 30
2025/04/16 23:22:05 [notice] 1#1: start worker process 31
2025/04/17 03:47:47 [notice] 1#1: using the "epoll" event method
2025/04/17 03:47:47 [notice] 1#1: nginx/1.27.3
2025/04/17 03:47:47 [notice] 1#1: built by gcc 12.2.0 (Debian 12.2.0-14) 
2025/04/17 03:47:47 [notice] 1#1: OS: Linux 6.11.0-21-generic
2025/04/17 03:47:47 [notice] 1#1: getrlimit(RLIMIT_NOFILE): 1048576:1048576
2025/04/17 03:47:47 [notice] 1#1: start worker processes
2025/04/17 03:47:47 [notice] 1#1: start worker process 28
2025/04/17 03:47:47 [notice] 1#1: start worker process 29
2025/04/17 03:47:47 [notice] 1#1: start worker process 30
2025/04/17 03:47:47 [notice] 1#1: start worker process 31
2025/04/17 04:09:00 [notice] 1#1: signal 3 (SIGQUIT) received, shutting down
2025/04/17 04:09:00 [notice] 28#28: gracefully shutting down
2025/04/17 04:09:00 [notice] 30#30: gracefully shutting down
2025/04/17 04:09:00 [notice] 29#29: gracefully shutting down
2025/04/17 04:09:00 [notice] 28#28: exiting
2025/04/17 04:09:00 [notice] 30#30: exiting
2025/04/17 04:09:00 [notice] 29#29: exiting
2025/04/17 04:09:00 [notice] 28#28: exit
2025/04/17 04:09:00 [notice] 29#29: exit
2025/04/17 04:09:00 [notice] 30#30: exit
2025/04/17 04:09:00 [notice] 31#31: gracefully shutting down
2025/04/17 04:09:00 [notice] 31#31: exiting
2025/04/17 04:09:00 [notice] 31#31: exit
2025/04/17 04:09:00 [notice] 1#1: signal 17 (SIGCHLD) received from 29
2025/04/17 04:09:00 [notice] 1#1: worker process 29 exited with code 0
2025/04/17 04:09:00 [notice] 1#1: signal 29 (SIGIO) received
2025/04/17 04:09:00 [notice] 1#1: signal 17 (SIGCHLD) received from 30
2025/04/17 04:09:00 [notice] 1#1: worker process 30 exited with code 0
2025/04/17 04:09:00 [notice] 1#1: signal 29 (SIGIO) received
2025/04/17 04:09:00 [notice] 1#1: signal 17 (SIGCHLD) received from 31
2025/04/17 04:09:00 [notice] 1#1: worker process 28 exited with code 0
2025/04/17 04:09:00 [notice] 1#1: worker process 31 exited with code 0
2025/04/17 04:09:00 [notice] 1#1: exit
2025/04/17 04:09:25 [notice] 1#1: using the "epoll" event method
2025/04/17 04:09:25 [notice] 1#1: nginx/1.27.3
2025/04/17 04:09:25 [notice] 1#1: built by gcc 12.2.0 (Debian 12.2.0-14) 
2025/04/17 04:09:25 [notice] 1#1: OS: Linux 6.11.0-21-generic
2025/04/17 04:09:25 [notice] 1#1: getrlimit(RLIMIT_NOFILE): 1048576:1048576
2025/04/17 04:09:25 [notice] 1#1: start worker processes
2025/04/17 04:09:25 [notice] 1#1: start worker process 28
2025/04/17 04:09:25 [notice] 1#1: start worker process 29
2025/04/17 04:09:25 [notice] 1#1: start worker process 30
2025/04/17 04:09:25 [notice] 1#1: start worker process 31
2025/04/17 14:46:06 [notice] 1#1: using the "epoll" event method
2025/04/17 14:46:06 [notice] 1#1: nginx/1.27.3
2025/04/17 14:46:06 [notice] 1#1: built by gcc 12.2.0 (Debian 12.2.0-14) 
2025/04/17 14:46:06 [notice] 1#1: OS: Linux 6.11.0-21-generic
2025/04/17 14:46:06 [notice] 1#1: getrlimit(RLIMIT_NOFILE): 1048576:1048576
2025/04/17 14:46:06 [notice] 1#1: start worker processes
2025/04/17 14:46:06 [notice] 1#1: start worker process 28
2025/04/17 14:46:06 [notice] 1#1: start worker process 29
2025/04/17 14:46:06 [notice] 1#1: start worker process 30
2025/04/17 14:46:06 [notice] 1#1: start worker process 31
2025/04/17 17:31:49 [notice] 1#1: using the "epoll" event method
2025/04/17 17:31:49 [notice] 1#1: nginx/1.27.3
2025/04/17 17:31:49 [notice] 1#1: built by gcc 12.2.0 (Debian 12.2.0-14) 
2025/04/17 17:31:49 [notice] 1#1: OS: Linux 6.11.0-21-generic
2025/04/17 17:31:49 [notice] 1#1: getrlimit(RLIMIT_NOFILE): 1048576:1048576
2025/04/17 17:31:49 [notice] 1#1: start worker processes
2025/04/17 17:31:49 [notice] 1#1: start worker process 28
2025/04/17 17:31:49 [notice] 1#1: start worker process 29
2025/04/17 17:31:49 [notice] 1#1: start worker process 30
2025/04/17 17:31:49 [notice] 1#1: start worker process 31
2025/04/17 22:19:00 [notice] 1#1: signal 17 (SIGCHLD) received from 52
2025/04/17 22:19:00 [notice] 1#1: unknown process 52 exited with code 1
2025/04/17 22:49:12 [notice] 1#1: signal 17 (SIGCHLD) received from 95
2025/04/17 22:49:12 [notice] 1#1: unknown process 95 exited with code 2
2025/04/17 22:58:55 [notice] 1#1: signal 17 (SIGCHLD) received from 388
2025/04/17 22:58:55 [notice] 1#1: unknown process 388 exited with code 1
2025/04/17 23:06:52 [notice] 1#1: signal 3 (SIGQUIT) received, shutting down
2025/04/17 23:06:52 [notice] 29#29: gracefully shutting down
2025/04/17 23:06:52 [notice] 28#28: gracefully shutting down
2025/04/17 23:06:52 [notice] 31#31: gracefully shutting down
2025/04/17 23:06:52 [notice] 30#30: gracefully shutting down
2025/04/17 23:06:52 [notice] 29#29: exiting
2025/04/17 23:06:52 [notice] 28#28: exiting
2025/04/17 23:06:52 [notice] 31#31: exiting
2025/04/17 23:06:52 [notice] 30#30: exiting
2025/04/17 23:06:52 [notice] 28#28: exit
2025/04/17 23:06:52 [notice] 31#31: exit
2025/04/17 23:06:52 [notice] 30#30: exit
2025/04/17 23:06:52 [notice] 29#29: exit
2025/04/17 23:06:52 [notice] 1#1: signal 17 (SIGCHLD) received from 28
2025/04/17 23:06:52 [notice] 1#1: worker process 28 exited with code 0
2025/04/17 23:06:52 [notice] 1#1: worker process 29 exited with code 0
2025/04/17 23:06:52 [notice] 1#1: worker process 30 exited with code 0
2025/04/17 23:06:52 [notice] 1#1: signal 29 (SIGIO) received
2025/04/17 23:06:52 [notice] 1#1: signal 17 (SIGCHLD) received from 30
2025/04/17 23:06:52 [notice] 1#1: signal 17 (SIGCHLD) received from 31
2025/04/17 23:06:52 [notice] 1#1: worker process 31 exited with code 0
2025/04/17 23:06:52 [notice] 1#1: exit
2025/04/17 23:07:10 [notice] 1#1: using the "epoll" event method
2025/04/17 23:07:10 [notice] 1#1: nginx/1.27.3
2025/04/17 23:07:10 [notice] 1#1: built by gcc 12.2.0 (Debian 12.2.0-14) 
2025/04/17 23:07:10 [notice] 1#1: OS: Linux 6.11.0-21-generic
2025/04/17 23:07:10 [notice] 1#1: getrlimit(RLIMIT_NOFILE): 1048576:1048576
2025/04/17 23:07:10 [notice] 1#1: start worker processes
2025/04/17 23:07:10 [notice] 1#1: start worker process 28
2025/04/17 23:07:10 [notice] 1#1: start worker process 29
2025/04/17 23:07:10 [notice] 1#1: start worker process 30
2025/04/17 23:07:10 [notice] 1#1: start worker process 31
2025/04/19 12:00:24 [notice] 1#1: using the "epoll" event method
2025/04/19 12:00:24 [notice] 1#1: nginx/1.27.3
2025/04/19 12:00:24 [notice] 1#1: built by gcc 12.2.0 (Debian 12.2.0-14) 
2025/04/19 12:00:24 [notice] 1#1: OS: Linux 6.11.0-21-generic
2025/04/19 12:00:24 [notice] 1#1: getrlimit(RLIMIT_NOFILE): 1048576:1048576
2025/04/19 12:00:24 [notice] 1#1: start worker processes
2025/04/19 12:00:24 [notice] 1#1: start worker process 28
2025/04/19 12:00:24 [notice] 1#1: start worker process 29
2025/04/19 12:00:24 [notice] 1#1: start worker process 30
2025/04/19 12:00:24 [notice] 1#1: start worker process 31
2025/04/19 12:32:30 [notice] 1#1: using the "epoll" event method
2025/04/19 12:32:30 [notice] 1#1: nginx/1.27.3
2025/04/19 12:32:30 [notice] 1#1: built by gcc 12.2.0 (Debian 12.2.0-14) 
2025/04/19 12:32:30 [notice] 1#1: OS: Linux 6.11.0-21-generic
2025/04/19 12:32:30 [notice] 1#1: getrlimit(RLIMIT_NOFILE): 1048576:1048576
2025/04/19 12:32:30 [notice] 1#1: start worker processes
2025/04/19 12:32:30 [notice] 1#1: start worker process 28
2025/04/19 12:32:30 [notice] 1#1: start worker process 29
2025/04/19 12:32:30 [notice] 1#1: start worker process 30
2025/04/19 12:32:30 [notice] 1#1: start worker process 31
2025/04/19 12:37:01 [notice] 1#1: using the "epoll" event method
2025/04/19 12:37:01 [notice] 1#1: nginx/1.27.3
2025/04/19 12:37:01 [notice] 1#1: built by gcc 12.2.0 (Debian 12.2.0-14) 
2025/04/19 12:37:01 [notice] 1#1: OS: Linux 6.11.0-21-generic
2025/04/19 12:37:01 [notice] 1#1: getrlimit(RLIMIT_NOFILE): 1048576:1048576
2025/04/19 12:37:01 [notice] 1#1: start worker processes
2025/04/19 12:37:01 [notice] 1#1: start worker process 28
2025/04/19 12:37:01 [notice] 1#1: start worker process 29
2025/04/19 12:37:01 [notice] 1#1: start worker process 30
2025/04/19 12:37:01 [notice] 1#1: start worker process 31
2025/04/19 12:56:12 [notice] 1#1: using the "epoll" event method
2025/04/19 12:56:12 [notice] 1#1: nginx/1.27.3
2025/04/19 12:56:12 [notice] 1#1: built by gcc 12.2.0 (Debian 12.2.0-14) 
2025/04/19 12:56:12 [notice] 1#1: OS: Linux 6.11.0-21-generic
2025/04/19 12:56:12 [notice] 1#1: getrlimit(RLIMIT_NOFILE): 1048576:1048576
2025/04/19 12:56:12 [notice] 1#1: start worker processes
2025/04/19 12:56:12 [notice] 1#1: start worker process 27
2025/04/19 12:56:12 [notice] 1#1: start worker process 28
2025/04/19 12:56:12 [notice] 1#1: start worker process 29
2025/04/19 12:56:12 [notice] 1#1: start worker process 30
2025/04/20 14:37:21 [notice] 1#1: using the "epoll" event method
2025/04/20 14:37:21 [notice] 1#1: nginx/1.27.3
2025/04/20 14:37:21 [notice] 1#1: built by gcc 12.2.0 (Debian 12.2.0-14) 
2025/04/20 14:37:21 [notice] 1#1: OS: Linux 6.11.0-21-generic
2025/04/20 14:37:21 [notice] 1#1: getrlimit(RLIMIT_NOFILE): 1048576:1048576
2025/04/20 14:37:21 [notice] 1#1: start worker processes
2025/04/20 14:37:21 [notice] 1#1: start worker process 28
2025/04/20 14:37:21 [notice] 1#1: start worker process 29
2025/04/20 14:37:21 [notice] 1#1: start worker process 30
2025/04/20 14:37:21 [notice] 1#1: start worker process 31
2025/04/22 15:15:48 [notice] 1#1: signal 3 (SIGQUIT) received, shutting down
2025/04/22 15:15:48 [notice] 28#28: gracefully shutting down
2025/04/22 15:15:48 [notice] 30#30: gracefully shutting down
2025/04/22 15:15:48 [notice] 29#29: gracefully shutting down
2025/04/22 15:15:48 [notice] 31#31: gracefully shutting down
2025/04/22 15:15:48 [notice] 29#29: exiting
2025/04/22 15:15:48 [notice] 30#30: exiting
2025/04/22 15:15:48 [notice] 28#28: exiting
2025/04/22 15:15:48 [notice] 31#31: exiting
2025/04/22 15:15:48 [notice] 29#29: exit
2025/04/22 15:15:48 [notice] 31#31: exit
2025/04/22 15:15:48 [notice] 30#30: exit
2025/04/22 15:15:48 [notice] 28#28: exit
2025/04/22 15:15:49 [notice] 1#1: signal 17 (SIGCHLD) received from 29
2025/04/22 15:15:49 [notice] 1#1: worker process 28 exited with code 0
2025/04/22 15:15:49 [notice] 1#1: worker process 29 exited with code 0
2025/04/22 15:15:49 [notice] 1#1: worker process 30 exited with code 0
2025/04/22 15:15:49 [notice] 1#1: worker process 31 exited with code 0
2025/04/22 15:15:49 [notice] 1#1: exit
2025/04/22 15:16:08 [notice] 1#1: using the "epoll" event method
2025/04/22 15:16:08 [notice] 1#1: nginx/1.27.3
2025/04/22 15:16:08 [notice] 1#1: built by gcc 12.2.0 (Debian 12.2.0-14) 
2025/04/22 15:16:08 [notice] 1#1: OS: Linux 6.11.0-21-generic
2025/04/22 15:16:08 [notice] 1#1: getrlimit(RLIMIT_NOFILE): 1048576:1048576
2025/04/22 15:16:08 [notice] 1#1: start worker processes
2025/04/22 15:16:08 [notice] 1#1: start worker process 28
2025/04/22 15:16:08 [notice] 1#1: start worker process 29
2025/04/22 15:16:08 [notice] 1#1: start worker process 30
2025/04/22 15:16:08 [notice] 1#1: start worker process 31
